<?xml version="1.0" encoding="UTF-8"?>
<coverage generated="1788251952">
  <project timestamp="1788251952">
    <file name="/home/runner/work/wp-module-staging/wp-module-staging/bootstrap.php">
      <line num="13" type="stmt" count="0"/>
      <metrics loc="17" ncloc="17" classes="0" methods="0" coveredmethods="0" conditionals="0" coveredconditionals="0" statements="1" coveredstatements="0" elements="1" coveredelements="0"/>
    </file>
    <file name="/home/runner/work/wp-module-staging/wp-module-staging/includes/Constants.php">
      <class name="NewfoldLabs\WP\Module\Staging\Constants" namespace="global">
        <metrics complexity="3" methods="1" coveredmethods="0" conditionals="0" coveredconditionals="0" statements="4" coveredstatements="0" elements="5" coveredelements="0"/>
      </class>
      <line num="16" type="method" name="__construct" visibility="public" complexity="3" crap="12" count="0"/>
      <line num="17" type="stmt" count="0"/>
      <line num="18" type="stmt" count="0"/>
      <line num="21" type="stmt" count="0"/>
      <line num="22" type="stmt" count="0"/>
      <metrics loc="26" ncloc="18" classes="1" methods="1" coveredmethods="0" conditionals="0" coveredconditionals="0" statements="4" coveredstatements="0" elements="5" coveredelements="0"/>
    </file>
    <file name="/home/runner/work/wp-module-staging/wp-module-staging/includes/Staging.php">
      <class name="NewfoldLabs\WP\Module\Staging\Staging" namespace="global">
        <metrics complexity="201" methods="58" coveredmethods="12" conditionals="0" coveredconditionals="0" statements="583" coveredstatements="272" elements="641" coveredelements="284"/>
      </class>
      <line num="46" type="method" name="__construct" visibility="public" complexity="1" crap="1.03" count="22"/>
      <line num="47" type="stmt" count="22"/>
      <line num="50" type="stmt" count="22"/>
      <line num="51" type="stmt" count="22"/>
      <line num="52" type="stmt" count="22"/>
      <line num="53" type="stmt" count="0"/>
      <line num="54" type="stmt" count="0"/>
      <line num="55" type="stmt" count="22"/>
      <line num="56" type="stmt" count="22"/>
      <line num="57" type="stmt" count="22"/>
      <line num="60" type="stmt" count="22"/>
      <line num="63" type="stmt" count="22"/>
      <line num="64" type="stmt" count="22"/>
      <line num="65" type="stmt" count="22"/>
      <line num="66" type="stmt" count="22"/>
      <line num="67" type="stmt" count="0"/>
      <line num="68" type="stmt" count="22"/>
      <line num="69" type="stmt" count="22"/>
      <line num="70" type="stmt" count="22"/>
      <line num="73" type="stmt" count="22"/>
      <line num="74" type="stmt" count="22"/>
      <line num="75" type="stmt" count="22"/>
      <line num="76" type="stmt" count="0"/>
      <line num="77" type="stmt" count="0"/>
      <line num="78" type="stmt" count="0"/>
      <line num="79" type="stmt" count="0"/>
      <line num="80" type="stmt" count="0"/>
      <line num="81" type="stmt" count="0"/>
      <line num="82" type="stmt" count="0"/>
      <line num="83" type="stmt" count="0"/>
      <line num="84" type="stmt" count="0"/>
      <line num="85" type="stmt" count="0"/>
      <line num="86" type="stmt" count="22"/>
      <line num="87" type="stmt" count="22"/>
      <line num="89" type="stmt" count="22"/>
      <line num="90" type="stmt" count="22"/>
      <line num="92" type="stmt" count="22"/>
      <line num="94" type="stmt" count="22"/>
      <line num="96" type="stmt" count="22"/>
      <line num="97" type="stmt" count="22"/>
      <line num="99" type="stmt" count="22"/>
      <line num="111" type="method" name="confirm_jetpack_safe_mode" visibility="public" complexity="3" crap="12" count="0"/>
      <line num="112" type="stmt" count="0"/>
      <line num="113" type="stmt" count="0"/>
      <line num="122" type="method" name="initialize_staging_app" visibility="public" complexity="1" crap="2" count="0"/>
      <line num="123" type="stmt" count="0"/>
      <line num="131" type="method" name="register_staging_assets" visibility="public" complexity="5" crap="30" count="0"/>
      <line num="132" type="stmt" count="0"/>
      <line num="133" type="stmt" count="0"/>
      <line num="134" type="stmt" count="0"/>
      <line num="136" type="stmt" count="0"/>
      <line num="137" type="stmt" count="0"/>
      <line num="139" type="stmt" count="0"/>
      <line num="140" type="stmt" count="0"/>
      <line num="141" type="stmt" count="0"/>
      <line num="142" type="stmt" count="0"/>
      <line num="143" type="stmt" count="0"/>
      <line num="144" type="stmt" count="0"/>
      <line num="145" type="stmt" count="0"/>
      <line num="147" type="stmt" count="0"/>
      <line num="148" type="stmt" count="0"/>
      <line num="149" type="stmt" count="0"/>
      <line num="150" type="stmt" count="0"/>
      <line num="151" type="stmt" count="0"/>
      <line num="152" type="stmt" count="0"/>
      <line num="155" type="stmt" count="0"/>
      <line num="157" type="stmt" count="0"/>
      <line num="159" type="stmt" count="0"/>
      <line num="160" type="stmt" count="0"/>
      <line num="163" type="stmt" count="0"/>
      <line num="164" type="stmt" count="0"/>
      <line num="173" type="method" name="loadTextDomain" visibility="public" complexity="1" crap="2" count="0"/>
      <line num="174" type="stmt" count="0"/>
      <line num="175" type="stmt" count="0"/>
      <line num="176" type="stmt" count="0"/>
      <line num="177" type="stmt" count="0"/>
      <line num="178" type="stmt" count="0"/>
      <line num="186" type="method" name="getInstance" visibility="public" complexity="1" crap="2" count="0"/>
      <line num="187" type="stmt" count="0"/>
      <line num="197" type="method" name="getConfig" visibility="public" complexity="3" crap="3" count="13"/>
      <line num="198" type="stmt" count="13"/>
      <line num="200" type="stmt" count="13"/>
      <line num="201" type="stmt" count="4"/>
      <line num="204" type="stmt" count="13"/>
      <line num="222" type="method" name="getConfigValue" visibility="public" complexity="2" crap="2" count="13"/>
      <line num="223" type="stmt" count="13"/>
      <line num="225" type="stmt" count="13"/>
      <line num="233" type="method" name="getProductionDir" visibility="public" complexity="2" crap="2.06" count="13"/>
      <line num="234" type="stmt" count="13"/>
      <line num="235" type="stmt" count="13"/>
      <line num="236" type="stmt" count="0"/>
      <line num="239" type="stmt" count="13"/>
      <line num="247" type="method" name="getProductionUrl" visibility="public" complexity="2" crap="6" count="0"/>
      <line num="248" type="stmt" count="0"/>
      <line num="249" type="stmt" count="0"/>
      <line num="250" type="stmt" count="0"/>
      <line num="253" type="stmt" count="0"/>
      <line num="261" type="method" name="getStagingDir" visibility="public" complexity="1" crap="2" count="0"/>
      <line num="262" type="stmt" count="0"/>
      <line num="270" type="method" name="getStagingUrl" visibility="public" complexity="1" crap="2" count="0"/>
      <line num="271" type="stmt" count="0"/>
      <line num="279" type="method" name="getCreationDate" visibility="public" complexity="1" crap="2" count="0"/>
      <line num="280" type="stmt" count="0"/>
      <line num="288" type="method" name="getEnvironment" visibility="public" complexity="1" crap="2" count="0"/>
      <line num="289" type="stmt" count="0"/>
      <line num="297" type="method" name="getProductionScreenshotUrl" visibility="public" complexity="1" crap="2" count="0"/>
      <line num="298" type="stmt" count="0"/>
      <line num="306" type="method" name="getStagingScreenshotUrl" visibility="public" complexity="1" crap="2" count="0"/>
      <line num="307" type="stmt" count="0"/>
      <line num="317" type="method" name="isEnvironment" visibility="public" complexity="1" crap="2" count="0"/>
      <line num="318" type="stmt" count="0"/>
      <line num="326" type="method" name="isStaging" visibility="public" complexity="4" crap="20" count="0"/>
      <line num="327" type="stmt" count="0"/>
      <line num="328" type="stmt" count="0"/>
      <line num="331" type="stmt" count="0"/>
      <line num="332" type="stmt" count="0"/>
      <line num="335" type="stmt" count="0"/>
      <line num="343" type="method" name="isProduction" visibility="public" complexity="2" crap="6" count="0"/>
      <line num="344" type="stmt" count="0"/>
      <line num="345" type="stmt" count="0"/>
      <line num="348" type="stmt" count="0"/>
      <line num="356" type="method" name="stagingExists" visibility="public" complexity="2" crap="6" count="0"/>
      <line num="357" type="stmt" count="0"/>
      <line num="358" type="stmt" count="0"/>
      <line num="366" type="method" name="cloneProductionToStaging" visibility="public" complexity="2" crap="6" count="0"/>
      <line num="367" type="stmt" count="0"/>
      <line num="368" type="stmt" count="0"/>
      <line num="369" type="stmt" count="0"/>
      <line num="370" type="stmt" count="0"/>
      <line num="371" type="stmt" count="0"/>
      <line num="374" type="stmt" count="0"/>
      <line num="382" type="method" name="compatibilityCheck" visibility="public" complexity="1" crap="2" count="0"/>
      <line num="383" type="stmt" count="0"/>
      <line num="391" type="method" name="createStaging" visibility="public" complexity="2" crap="6" count="0"/>
      <line num="392" type="stmt" count="0"/>
      <line num="393" type="stmt" count="0"/>
      <line num="394" type="stmt" count="0"/>
      <line num="395" type="stmt" count="0"/>
      <line num="396" type="stmt" count="0"/>
      <line num="399" type="stmt" count="0"/>
      <line num="412" type="method" name="deployToProduction" visibility="public" complexity="1" crap="2" count="0"/>
      <line num="413" type="stmt" count="0"/>
      <line num="423" type="method" name="getDeployStatus" visibility="public" complexity="1" crap="2" count="0"/>
      <line num="424" type="stmt" count="0"/>
      <line num="434" type="method" name="getDeployCommandForType" visibility="protected" complexity="4" crap="4" count="1"/>
      <line num="436" type="stmt" count="1"/>
      <line num="437" type="stmt" count="1"/>
      <line num="438" type="stmt" count="1"/>
      <line num="439" type="stmt" count="1"/>
      <line num="441" type="stmt" count="1"/>
      <line num="452" type="method" name="isDeployCommand" visibility="protected" complexity="1" crap="1" count="11"/>
      <line num="453" type="stmt" count="11"/>
      <line num="461" type="method" name="getDeployResultPath" visibility="protected" complexity="1" crap="1" count="2"/>
      <line num="462" type="stmt" count="2"/>
      <line num="470" type="method" name="getDeployLockPath" visibility="protected" complexity="1" crap="1" count="11"/>
      <line num="471" type="stmt" count="11"/>
      <line num="479" type="method" name="acquireDeployLock" visibility="protected" complexity="5" crap="7.61" count="11"/>
      <line num="480" type="stmt" count="11"/>
      <line num="481" type="stmt" count="11"/>
      <line num="482" type="stmt" count="11"/>
      <line num="483" type="stmt" count="0"/>
      <line num="484" type="stmt" count="0"/>
      <line num="485" type="stmt" count="0"/>
      <line num="486" type="stmt" count="0"/>
      <line num="489" type="stmt" count="11"/>
      <line num="490" type="stmt" count="11"/>
      <line num="491" type="stmt" count="0"/>
      <line num="492" type="stmt" count="0"/>
      <line num="493" type="stmt" count="0"/>
      <line num="494" type="stmt" count="0"/>
      <line num="497" type="stmt" count="11"/>
      <line num="498" type="stmt" count="1"/>
      <line num="499" type="stmt" count="1"/>
      <line num="502" type="stmt" count="11"/>
      <line num="512" type="method" name="releaseDeployLock" visibility="protected" complexity="2" crap="2" count="11"/>
      <line num="513" type="stmt" count="11"/>
      <line num="514" type="stmt" count="11"/>
      <line num="515" type="stmt" count="11"/>
      <line num="524" type="method" name="isDeployLockHeld" visibility="protected" complexity="3" crap="3.03" count="11"/>
      <line num="525" type="stmt" count="11"/>
      <line num="526" type="stmt" count="11"/>
      <line num="527" type="stmt" count="0"/>
      <line num="529" type="stmt" count="11"/>
      <line num="530" type="stmt" count="1"/>
      <line num="533" type="stmt" count="11"/>
      <line num="534" type="stmt" count="11"/>
      <line num="542" type="method" name="isDeployInProgress" visibility="protected" complexity="6" crap="6.84" count="1"/>
      <line num="543" type="stmt" count="1"/>
      <line num="544" type="stmt" count="0"/>
      <line num="547" type="stmt" count="1"/>
      <line num="548" type="stmt" count="1"/>
      <line num="549" type="stmt" count="1"/>
      <line num="550" type="stmt" count="1"/>
      <line num="553" type="stmt" count="0"/>
      <line num="561" type="method" name="writeDeployResult" visibility="protected" complexity="2" crap="2.03" count="2"/>
      <line num="562" type="stmt" count="2"/>
      <line num="563" type="stmt" count="2"/>
      <line num="564" type="stmt" count="2"/>
      <line num="565" type="stmt" count="0"/>
      <line num="568" type="stmt" count="2"/>
      <line num="576" type="method" name="readDeployResult" visibility="protected" complexity="4" crap="4.25" count="2"/>
      <line num="577" type="stmt" count="2"/>
      <line num="578" type="stmt" count="2"/>
      <line num="579" type="stmt" count="0"/>
      <line num="581" type="stmt" count="2"/>
      <line num="582" type="stmt" count="2"/>
      <line num="583" type="stmt" count="0"/>
      <line num="585" type="stmt" count="2"/>
      <line num="586" type="stmt" count="2"/>
      <line num="596" type="method" name="parseLogLineTimestamp" visibility="protected" complexity="3" crap="3.14" count="2"/>
      <line num="597" type="stmt" count="2"/>
      <line num="598" type="stmt" count="2"/>
      <line num="599" type="stmt" count="2"/>
      <line num="602" type="stmt" count="0"/>
      <line num="613" type="method" name="getDeployStatusFromLog" visibility="protected" complexity="11" crap="15.48" count="1"/>
      <line num="614" type="stmt" count="1"/>
      <line num="615" type="stmt" count="1"/>
      <line num="616" type="stmt" count="0"/>
      <line num="619" type="stmt" count="1"/>
      <line num="620" type="stmt" count="1"/>
      <line num="621" type="stmt" count="0"/>
      <line num="624" type="stmt" count="1"/>
      <line num="625" type="stmt" count="1"/>
      <line num="626" type="stmt" count="0"/>
      <line num="629" type="stmt" count="1"/>
      <line num="630" type="stmt" count="1"/>
      <line num="631" type="stmt" count="1"/>
      <line num="632" type="stmt" count="1"/>
      <line num="633" type="stmt" count="0"/>
      <line num="637" type="stmt" count="1"/>
      <line num="638" type="stmt" count="1"/>
      <line num="639" type="stmt" count="1"/>
      <line num="640" type="stmt" count="1"/>
      <line num="641" type="stmt" count="1"/>
      <line num="642" type="stmt" count="1"/>
      <line num="644" type="stmt" count="1"/>
      <line num="645" type="stmt" count="0"/>
      <line num="646" type="stmt" count="0"/>
      <line num="647" type="stmt" count="0"/>
      <line num="648" type="stmt" count="0"/>
      <line num="649" type="stmt" count="0"/>
      <line num="653" type="stmt" count="1"/>
      <line num="663" type="method" name="getDeploySuccessLogStep" visibility="protected" complexity="2" crap="2" count="1"/>
      <line num="664" type="stmt" count="1"/>
      <line num="665" type="stmt" count="1"/>
      <line num="666" type="stmt" count="1"/>
      <line num="667" type="stmt" count="1"/>
      <line num="668" type="stmt" count="1"/>
      <line num="670" type="stmt" count="1"/>
      <line num="680" type="method" name="getDeploySuccessMessage" visibility="protected" complexity="2" crap="6" count="0"/>
      <line num="681" type="stmt" count="0"/>
      <line num="682" type="stmt" count="0"/>
      <line num="683" type="stmt" count="0"/>
      <line num="684" type="stmt" count="0"/>
      <line num="685" type="stmt" count="0"/>
      <line num="687" type="stmt" count="0"/>
      <line num="697" type="method" name="getDeployCommandStatus" visibility="protected" complexity="13" crap="34.12" count="2"/>
      <line num="698" type="stmt" count="2"/>
      <line num="699" type="stmt" count="2"/>
      <line num="700" type="stmt" count="2"/>
      <line num="702" type="stmt" count="2"/>
      <line num="703" type="stmt" count="2"/>
      <line num="704" type="stmt" count="1"/>
      <line num="706" type="stmt" count="1"/>
      <line num="707" type="stmt" count="1"/>
      <line num="708" type="stmt" count="1"/>
      <line num="709" type="stmt" count="1"/>
      <line num="710" type="stmt" count="1"/>
      <line num="711" type="stmt" count="1"/>
      <line num="712" type="stmt" count="1"/>
      <line num="713" type="stmt" count="1"/>
      <line num="714" type="stmt" count="1"/>
      <line num="715" type="stmt" count="1"/>
      <line num="719" type="stmt" count="0"/>
      <line num="720" type="stmt" count="0"/>
      <line num="721" type="stmt" count="0"/>
      <line num="722" type="stmt" count="0"/>
      <line num="723" type="stmt" count="0"/>
      <line num="724" type="stmt" count="0"/>
      <line num="727" type="stmt" count="0"/>
      <line num="728" type="stmt" count="0"/>
      <line num="729" type="stmt" count="0"/>
      <line num="730" type="stmt" count="0"/>
      <line num="732" type="stmt" count="0"/>
      <line num="735" type="stmt" count="0"/>
      <line num="736" type="stmt" count="0"/>
      <line num="737" type="stmt" count="0"/>
      <line num="738" type="stmt" count="0"/>
      <line num="739" type="stmt" count="0"/>
      <line num="753" type="method" name="startAsyncDeploy" visibility="protected" complexity="5" crap="30" count="0"/>
      <line num="754" type="stmt" count="0"/>
      <line num="756" type="stmt" count="0"/>
      <line num="757" type="stmt" count="0"/>
      <line num="758" type="stmt" count="0"/>
      <line num="759" type="stmt" count="0"/>
      <line num="760" type="stmt" count="0"/>
      <line num="761" type="stmt" count="0"/>
      <line num="762" type="stmt" count="0"/>
      <line num="763" type="stmt" count="0"/>
      <line num="765" type="stmt" count="0"/>
      <line num="766" type="stmt" count="0"/>
      <line num="767" type="stmt" count="0"/>
      <line num="768" type="stmt" count="0"/>
      <line num="770" type="stmt" count="0"/>
      <line num="771" type="stmt" count="0"/>
      <line num="773" type="stmt" count="0"/>
      <line num="774" type="stmt" count="0"/>
      <line num="776" type="stmt" count="0"/>
      <line num="778" type="stmt" count="0"/>
      <line num="779" type="stmt" count="0"/>
      <line num="780" type="stmt" count="0"/>
      <line num="781" type="stmt" count="0"/>
      <line num="782" type="stmt" count="0"/>
      <line num="783" type="stmt" count="0"/>
      <line num="784" type="stmt" count="0"/>
      <line num="785" type="stmt" count="0"/>
      <line num="786" type="stmt" count="0"/>
      <line num="787" type="stmt" count="0"/>
      <line num="788" type="stmt" count="0"/>
      <line num="791" type="stmt" count="0"/>
      <line num="792" type="stmt" count="0"/>
      <line num="793" type="stmt" count="0"/>
      <line num="794" type="stmt" count="0"/>
      <line num="795" type="stmt" count="0"/>
      <line num="796" type="stmt" count="0"/>
      <line num="797" type="stmt" count="0"/>
      <line num="798" type="stmt" count="0"/>
      <line num="799" type="stmt" count="0"/>
      <line num="802" type="stmt" count="0"/>
      <line num="803" type="stmt" count="0"/>
      <line num="804" type="stmt" count="0"/>
      <line num="805" type="stmt" count="0"/>
      <line num="806" type="stmt" count="0"/>
      <line num="807" type="stmt" count="0"/>
      <line num="808" type="stmt" count="0"/>
      <line num="809" type="stmt" count="0"/>
      <line num="810" type="stmt" count="0"/>
      <line num="811" type="stmt" count="0"/>
      <line num="813" type="stmt" count="0"/>
      <line num="815" type="stmt" count="0"/>
      <line num="816" type="stmt" count="0"/>
      <line num="817" type="stmt" count="0"/>
      <line num="819" type="stmt" count="0"/>
      <line num="820" type="stmt" count="0"/>
      <line num="821" type="stmt" count="0"/>
      <line num="822" type="stmt" count="0"/>
      <line num="823" type="stmt" count="0"/>
      <line num="824" type="stmt" count="0"/>
      <line num="837" type="method" name="executeStagingScript" visibility="protected" complexity="2" crap="2" count="9"/>
      <line num="838" type="stmt" count="9"/>
      <line num="840" type="stmt" count="9"/>
      <line num="842" type="stmt" count="9"/>
      <line num="843" type="stmt" count="9"/>
      <line num="844" type="stmt" count="9"/>
      <line num="847" type="stmt" count="9"/>
      <line num="848" type="stmt" count="1"/>
      <line num="857" type="stmt" count="9"/>
      <line num="859" type="stmt" count="9"/>
      <line num="869" type="method" name="deleteAuthToken" visibility="protected" complexity="2" crap="2" count="9"/>
      <line num="870" type="stmt" count="9"/>
      <line num="873" type="stmt" count="9"/>
      <line num="874" type="stmt" count="9"/>
      <line num="875" type="stmt" count="9"/>
      <line num="876" type="stmt" count="9"/>
      <line num="877" type="stmt" count="9"/>
      <line num="878" type="stmt" count="9"/>
      <line num="879" type="stmt" count="9"/>
      <line num="881" type="stmt" count="9"/>
      <line num="882" type="stmt" count="8"/>
      <line num="883" type="stmt" count="8"/>
      <line num="904" type="method" name="persist_auth_token" visibility="protected" complexity="3" crap="6.39" count="9"/>
      <line num="905" type="stmt" count="9"/>
      <line num="908" type="stmt" count="9"/>
      <line num="910" type="stmt" count="9"/>
      <line num="912" type="stmt" count="9"/>
      <line num="913" type="stmt" count="9"/>
      <line num="925" type="stmt" count="0"/>
      <line num="928" type="stmt" count="0"/>
      <line num="930" type="stmt" count="0"/>
      <line num="931" type="stmt" count="0"/>
      <line num="932" type="stmt" count="0"/>
      <line num="933" type="stmt" count="0"/>
      <line num="934" type="stmt" count="0"/>
      <line num="935" type="stmt" count="0"/>
      <line num="936" type="stmt" count="0"/>
      <line num="937" type="stmt" count="0"/>
      <line num="939" type="stmt" count="0"/>
      <line num="940" type="stmt" count="0"/>
      <line num="942" type="stmt" count="0"/>
      <line num="963" type="method" name="getScriptEnvironment" visibility="protected" complexity="5" crap="5.07" count="10"/>
      <line num="964" type="stmt" count="10"/>
      <line num="966" type="stmt" count="10"/>
      <line num="967" type="stmt" count="1"/>
      <line num="970" type="stmt" count="10"/>
      <line num="971" type="stmt" count="10"/>
      <line num="972" type="stmt" count="0"/>
      <line num="975" type="stmt" count="10"/>
      <line num="991" type="method" name="logAuthTokenState" visibility="protected" complexity="6" crap="6.01" count="9"/>
      <line num="992" type="stmt" count="9"/>
      <line num="994" type="stmt" count="9"/>
      <line num="995" type="stmt" count="9"/>
      <line num="996" type="stmt" count="9"/>
      <line num="997" type="stmt" count="0"/>
      <line num="1000" type="stmt" count="9"/>
      <line num="1001" type="stmt" count="9"/>
      <line num="1002" type="stmt" count="9"/>
      <line num="1003" type="stmt" count="9"/>
      <line num="1004" type="stmt" count="9"/>
      <line num="1005" type="stmt" count="9"/>
      <line num="1006" type="stmt" count="9"/>
      <line num="1007" type="stmt" count="9"/>
      <line num="1010" type="stmt" count="9"/>
      <line num="1021" type="method" name="auth_token_row" visibility="private" complexity="1" crap="1" count="9"/>
      <line num="1022" type="stmt" count="9"/>
      <line num="1025" type="stmt" count="9"/>
      <line num="1026" type="stmt" count="9"/>
      <line num="1027" type="stmt" count="9"/>
      <line num="1028" type="stmt" count="9"/>
      <line num="1029" type="stmt" count="9"/>
      <line num="1030" type="stmt" count="9"/>
      <line num="1041" type="method" name="parseStagingScriptResponse" visibility="protected" complexity="12" crap="13.69" count="9"/>
      <line num="1042" type="stmt" count="9"/>
      <line num="1050" type="stmt" count="9"/>
      <line num="1051" type="stmt" count="9"/>
      <line num="1052" type="stmt" count="9"/>
      <line num="1053" type="stmt" count="9"/>
      <line num="1054" type="stmt" count="8"/>
      <line num="1055" type="stmt" count="8"/>
      <line num="1059" type="stmt" count="9"/>
      <line num="1060" type="stmt" count="1"/>
      <line num="1061" type="stmt" count="1"/>
      <line num="1062" type="stmt" count="1"/>
      <line num="1063" type="stmt" count="0"/>
      <line num="1064" type="stmt" count="0"/>
      <line num="1065" type="stmt" count="0"/>
      <line num="1066" type="stmt" count="0"/>
      <line num="1067" type="stmt" count="0"/>
      <line num="1070" type="stmt" count="1"/>
      <line num="1079" type="stmt" count="8"/>
      <line num="1080" type="stmt" count="1"/>
      <line num="1088" type="stmt" count="7"/>
      <line num="1089" type="stmt" count="2"/>
      <line num="1092" type="stmt" count="5"/>
      <line num="1100" type="method" name="destroyStaging" visibility="public" complexity="2" crap="6" count="0"/>
      <line num="1101" type="stmt" count="0"/>
      <line num="1102" type="stmt" count="0"/>
      <line num="1103" type="stmt" count="0"/>
      <line num="1104" type="stmt" count="0"/>
      <line num="1105" type="stmt" count="0"/>
      <line num="1108" type="stmt" count="0"/>
      <line num="1119" type="method" name="switchTo" visibility="public" complexity="4" crap="20" count="0"/>
      <line num="1120" type="stmt" count="0"/>
      <line num="1121" type="stmt" count="0"/>
      <line num="1123" type="stmt" count="0"/>
      <line num="1124" type="stmt" count="0"/>
      <line num="1125" type="stmt" count="0"/>
      <line num="1126" type="stmt" count="0"/>
      <line num="1127" type="stmt" count="0"/>
      <line num="1130" type="stmt" count="0"/>
      <line num="1131" type="stmt" count="0"/>
      <line num="1134" type="stmt" count="0"/>
      <line num="1159" type="method" name="resync_object_cache" visibility="protected" complexity="3" crap="3" count="4"/>
      <line num="1160" type="stmt" count="4"/>
      <line num="1161" type="stmt" count="2"/>
      <line num="1164" type="stmt" count="2"/>
      <line num="1165" type="stmt" count="2"/>
      <line num="1166" type="stmt" count="2"/>
      <line num="1167" type="stmt" count="2"/>
      <line num="1168" type="stmt" count="2"/>
      <line num="1169" type="stmt" count="2"/>
      <line num="1170" type="stmt" count="2"/>
      <line num="1171" type="stmt" count="2"/>
      <line num="1173" type="stmt" count="2"/>
      <line num="1174" type="stmt" count="2"/>
      <line num="1186" type="method" name="runCommand" visibility="protected" complexity="26" crap="46.99" count="10"/>
      <line num="1188" type="stmt" count="10"/>
      <line num="1196" type="stmt" count="10"/>
      <line num="1197" type="stmt" count="2"/>
      <line num="1200" type="stmt" count="10"/>
      <line num="1201" type="stmt" count="10"/>
      <line num="1202" type="stmt" count="10"/>
      <line num="1203" type="stmt" count="10"/>
      <line num="1204" type="stmt" count="10"/>
      <line num="1205" type="stmt" count="10"/>
      <line num="1206" type="stmt" count="10"/>
      <line num="1207" type="stmt" count="10"/>
      <line num="1208" type="stmt" count="10"/>
      <line num="1209" type="stmt" count="10"/>
      <line num="1210" type="stmt" count="10"/>
      <line num="1213" type="stmt" count="10"/>
      <line num="1214" type="stmt" count="1"/>
      <line num="1215" type="stmt" count="1"/>
      <line num="1216" type="stmt" count="1"/>
      <line num="1217" type="stmt" count="1"/>
      <line num="1220" type="stmt" count="9"/>
      <line num="1223" type="stmt" count="9"/>
      <line num="1225" type="stmt" count="1"/>
      <line num="1227" type="stmt" count="1"/>
      <line num="1228" type="stmt" count="1"/>
      <line num="1229" type="stmt" count="1"/>
      <line num="1230" type="stmt" count="1"/>
      <line num="1231" type="stmt" count="1"/>
      <line num="1232" type="stmt" count="1"/>
      <line num="1233" type="stmt" count="1"/>
      <line num="1235" type="stmt" count="1"/>
      <line num="1239" type="stmt" count="9"/>
      <line num="1253" type="stmt" count="9"/>
      <line num="1255" type="stmt" count="9"/>
      <line num="1257" type="stmt" count="9"/>
      <line num="1258" type="stmt" count="9"/>
      <line num="1259" type="stmt" count="9"/>
      <line num="1260" type="stmt" count="9"/>
      <line num="1261" type="stmt" count="9"/>
      <line num="1262" type="stmt" count="9"/>
      <line num="1263" type="stmt" count="9"/>
      <line num="1264" type="stmt" count="9"/>
      <line num="1265" type="stmt" count="9"/>
      <line num="1266" type="stmt" count="9"/>
      <line num="1267" type="stmt" count="9"/>
      <line num="1268" type="stmt" count="9"/>
      <line num="1270" type="stmt" count="9"/>
      <line num="1271" type="stmt" count="0"/>
      <line num="1274" type="stmt" count="9"/>
      <line num="1277" type="stmt" count="9"/>
      <line num="1278" type="stmt" count="9"/>
      <line num="1279" type="stmt" count="9"/>
      <line num="1280" type="stmt" count="0"/>
      <line num="1281" type="stmt" count="0"/>
      <line num="1283" type="stmt" count="0"/>
      <line num="1284" type="stmt" count="0"/>
      <line num="1288" type="stmt" count="9"/>
      <line num="1290" type="stmt" count="9"/>
      <line num="1291" type="stmt" count="9"/>
      <line num="1292" type="stmt" count="0"/>
      <line num="1296" type="stmt" count="9"/>
      <line num="1298" type="stmt" count="9"/>
      <line num="1299" type="stmt" count="0"/>
      <line num="1302" type="stmt" count="9"/>
      <line num="1304" type="stmt" count="9"/>
      <line num="1305" type="stmt" count="0"/>
      <line num="1308" type="stmt" count="9"/>
      <line num="1309" type="stmt" count="0"/>
      <line num="1312" type="stmt" count="9"/>
      <line num="1313" type="stmt" count="0"/>
      <line num="1314" type="stmt" count="0"/>
      <line num="1316" type="stmt" count="0"/>
      <line num="1320" type="stmt" count="9"/>
      <line num="1324" type="stmt" count="9"/>
      <line num="1331" type="stmt" count="9"/>
      <line num="1332" type="stmt" count="9"/>
      <line num="1333" type="stmt" count="0"/>
      <line num="1334" type="stmt" count="0"/>
      <line num="1335" type="stmt" count="0"/>
      <line num="1337" type="stmt" count="0"/>
      <line num="1338" type="stmt" count="0"/>
      <line num="1339" type="stmt" count="0"/>
      <line num="1340" type="stmt" count="0"/>
      <line num="1341" type="stmt" count="0"/>
      <line num="1342" type="stmt" count="0"/>
      <line num="1344" type="stmt" count="9"/>
      <line num="1345" type="stmt" count="0"/>
      <line num="1346" type="stmt" count="0"/>
      <line num="1347" type="stmt" count="0"/>
      <line num="1348" type="stmt" count="0"/>
      <line num="1351" type="stmt" count="9"/>
      <line num="1352" type="stmt" count="9"/>
      <line num="1353" type="stmt" count="0"/>
      <line num="1354" type="stmt" count="0"/>
      <line num="1355" type="stmt" count="0"/>
      <line num="1358" type="stmt" count="0"/>
      <line num="1359" type="stmt" count="0"/>
      <line num="1360" type="stmt" count="0"/>
      <line num="1361" type="stmt" count="0"/>
      <line num="1364" type="stmt" count="9"/>
      <line num="1365" type="stmt" count="0"/>
      <line num="1368" type="stmt" count="9"/>
      <line num="1370" type="stmt" count="9"/>
      <line num="1371" type="stmt" count="4"/>
      <line num="1374" type="stmt" count="5"/>
      <line num="1376" type="stmt" count="5"/>
      <line num="1382" type="method" name="add_log_admin_page" visibility="public" complexity="1" crap="2" count="0"/>
      <line num="1383" type="stmt" count="0"/>
      <line num="1384" type="stmt" count="0"/>
      <line num="1385" type="stmt" count="0"/>
      <line num="1386" type="stmt" count="0"/>
      <line num="1387" type="stmt" count="0"/>
      <line num="1388" type="stmt" count="0"/>
      <line num="1389" type="stmt" count="0"/>
      <line num="1390" type="stmt" count="0"/>
      <line num="1391" type="stmt" count="0"/>
      <line num="1397" type="method" name="render_log_admin_page" visibility="public" complexity="10" crap="110" count="0"/>
      <line num="1398" type="stmt" count="0"/>
      <line num="1399" type="stmt" count="0"/>
      <line num="1402" type="stmt" count="0"/>
      <line num="1404" type="stmt" count="0"/>
      <line num="1405" type="stmt" count="0"/>
      <line num="1406" type="stmt" count="0"/>
      <line num="1407" type="stmt" count="0"/>
      <line num="1409" type="stmt" count="0"/>
      <line num="1410" type="stmt" count="0"/>
      <line num="1411" type="stmt" count="0"/>
      <line num="1412" type="stmt" count="0"/>
      <line num="1413" type="stmt" count="0"/>
      <line num="1414" type="stmt" count="0"/>
      <line num="1415" type="stmt" count="0"/>
      <line num="1418" type="stmt" count="0"/>
      <line num="1423" type="stmt" count="0"/>
      <line num="1424" type="stmt" count="0"/>
      <line num="1425" type="stmt" count="0"/>
      <line num="1426" type="stmt" count="0"/>
      <line num="1427" type="stmt" count="0"/>
      <line num="1429" type="stmt" count="0"/>
      <line num="1435" type="method" name="clean_log" visibility="public" complexity="2" crap="6" count="0"/>
      <line num="1436" type="stmt" count="0"/>
      <line num="1437" type="stmt" count="0"/>
      <line num="1446" type="method" name="run_staging_health_check" visibility="public" complexity="5" crap="30" count="0"/>
      <line num="1447" type="stmt" count="0"/>
      <line num="1448" type="stmt" count="0"/>
      <line num="1451" type="stmt" count="0"/>
      <line num="1452" type="stmt" count="0"/>
      <line num="1455" type="stmt" count="0"/>
      <line num="1456" type="stmt" count="0"/>
      <line num="1457" type="stmt" count="0"/>
      <line num="1466" type="method" name="should_run_health_check_on_this_request" visibility="protected" complexity="6" crap="42" count="0"/>
      <line num="1467" type="stmt" count="0"/>
      <line num="1468" type="stmt" count="0"/>
      <line num="1471" type="stmt" count="0"/>
      <line num="1472" type="stmt" count="0"/>
      <line num="1475" type="stmt" count="0"/>
      <line num="1476" type="stmt" count="0"/>
      <line num="1479" type="stmt" count="0"/>
      <line num="1487" type="method" name="render_staging_repair_notice" visibility="public" complexity="3" crap="12" count="0"/>
      <line num="1488" type="stmt" count="0"/>
      <line num="1489" type="stmt" count="0"/>
      <line num="1492" type="stmt" count="0"/>
      <line num="1493" type="stmt" count="0"/>
      <line num="1496" type="stmt" count="0"/>
      <line num="1498" type="stmt" count="0"/>
      <line num="1499" type="stmt" count="0"/>
      <line num="1500" type="stmt" count="0"/>
      <line num="1501" type="stmt" count="0"/>
      <metrics loc="1504" ncloc="987" classes="1" methods="58" coveredmethods="12" conditionals="0" coveredconditionals="0" statements="583" coveredstatements="272" elements="641" coveredelements="284"/>
    </file>
    <file name="/home/runner/work/wp-module-staging/wp-module-staging/includes/StagingApi.php">
      <class name="NewfoldLabs\WP\Module\Staging\StagingApi" namespace="global">
        <metrics complexity="13" methods="11" coveredmethods="2" conditionals="0" coveredconditionals="0" statements="120" coveredstatements="95" elements="131" coveredelements="97"/>
      </class>
      <line num="32" type="method" name="__construct" visibility="public" complexity="1" crap="1" count="4"/>
      <line num="33" type="stmt" count="4"/>
      <line num="34" type="stmt" count="4"/>
      <line num="40" type="method" name="register_routes" visibility="public" complexity="1" crap="1" count="4"/>
      <line num="42" type="stmt" count="4"/>
      <line num="43" type="stmt" count="4"/>
      <line num="44" type="stmt" count="4"/>
      <line num="45" type="stmt" count="4"/>
      <line num="46" type="stmt" count="4"/>
      <line num="47" type="stmt" count="4"/>
      <line num="48" type="stmt" count="4"/>
      <line num="49" type="stmt" count="4"/>
      <line num="50" type="stmt" count="4"/>
      <line num="51" type="stmt" count="4"/>
      <line num="52" type="stmt" count="4"/>
      <line num="53" type="stmt" count="4"/>
      <line num="54" type="stmt" count="4"/>
      <line num="55" type="stmt" count="4"/>
      <line num="56" type="stmt" count="4"/>
      <line num="57" type="stmt" count="4"/>
      <line num="58" type="stmt" count="4"/>
      <line num="59" type="stmt" count="4"/>
      <line num="60" type="stmt" count="4"/>
      <line num="61" type="stmt" count="4"/>
      <line num="62" type="stmt" count="4"/>
      <line num="64" type="stmt" count="4"/>
      <line num="65" type="stmt" count="4"/>
      <line num="66" type="stmt" count="4"/>
      <line num="67" type="stmt" count="4"/>
      <line num="68" type="stmt" count="4"/>
      <line num="69" type="stmt" count="4"/>
      <line num="70" type="stmt" count="4"/>
      <line num="71" type="stmt" count="4"/>
      <line num="72" type="stmt" count="4"/>
      <line num="73" type="stmt" count="4"/>
      <line num="74" type="stmt" count="4"/>
      <line num="76" type="stmt" count="4"/>
      <line num="77" type="stmt" count="4"/>
      <line num="78" type="stmt" count="4"/>
      <line num="79" type="stmt" count="4"/>
      <line num="80" type="stmt" count="4"/>
      <line num="81" type="stmt" count="4"/>
      <line num="82" type="stmt" count="4"/>
      <line num="83" type="stmt" count="4"/>
      <line num="84" type="stmt" count="4"/>
      <line num="85" type="stmt" count="4"/>
      <line num="86" type="stmt" count="4"/>
      <line num="87" type="stmt" count="4"/>
      <line num="88" type="stmt" count="4"/>
      <line num="89" type="stmt" count="4"/>
      <line num="90" type="stmt" count="4"/>
      <line num="91" type="stmt" count="4"/>
      <line num="92" type="stmt" count="4"/>
      <line num="93" type="stmt" count="4"/>
      <line num="95" type="stmt" count="4"/>
      <line num="96" type="stmt" count="4"/>
      <line num="97" type="stmt" count="4"/>
      <line num="98" type="stmt" count="4"/>
      <line num="99" type="stmt" count="4"/>
      <line num="100" type="stmt" count="4"/>
      <line num="101" type="stmt" count="4"/>
      <line num="102" type="stmt" count="4"/>
      <line num="103" type="stmt" count="4"/>
      <line num="104" type="stmt" count="4"/>
      <line num="105" type="stmt" count="4"/>
      <line num="106" type="stmt" count="4"/>
      <line num="107" type="stmt" count="4"/>
      <line num="108" type="stmt" count="0"/>
      <line num="109" type="stmt" count="4"/>
      <line num="110" type="stmt" count="4"/>
      <line num="111" type="stmt" count="4"/>
      <line num="112" type="stmt" count="4"/>
      <line num="113" type="stmt" count="4"/>
      <line num="114" type="stmt" count="4"/>
      <line num="122" type="method" name="checkPermission" visibility="public" complexity="1" crap="1" count="2"/>
      <line num="123" type="stmt" count="2"/>
      <line num="131" type="method" name="createStaging" visibility="public" complexity="2" crap="6" count="0"/>
      <line num="133" type="stmt" count="0"/>
      <line num="134" type="stmt" count="0"/>
      <line num="135" type="stmt" count="0"/>
      <line num="136" type="stmt" count="0"/>
      <line num="137" type="stmt" count="0"/>
      <line num="138" type="stmt" count="0"/>
      <line num="139" type="stmt" count="0"/>
      <line num="140" type="stmt" count="0"/>
      <line num="141" type="stmt" count="0"/>
      <line num="142" type="stmt" count="0"/>
      <line num="143" type="stmt" count="0"/>
      <line num="144" type="stmt" count="0"/>
      <line num="145" type="stmt" count="0"/>
      <line num="146" type="stmt" count="0"/>
      <line num="147" type="stmt" count="0"/>
      <line num="148" type="stmt" count="0"/>
      <line num="151" type="stmt" count="0"/>
      <line num="159" type="method" name="cloneProductionToStaging" visibility="public" complexity="1" crap="2" count="0"/>
      <line num="160" type="stmt" count="0"/>
      <line num="170" type="method" name="deployToProduction" visibility="public" complexity="1" crap="2" count="0"/>
      <line num="171" type="stmt" count="0"/>
      <line num="181" type="method" name="getDeployStatus" visibility="public" complexity="1" crap="2" count="0"/>
      <line num="182" type="stmt" count="0"/>
      <line num="190" type="method" name="getDeployTypeArgs" visibility="protected" complexity="1" crap="1.00" count="4"/>
      <line num="191" type="stmt" count="4"/>
      <line num="192" type="stmt" count="4"/>
      <line num="193" type="stmt" count="4"/>
      <line num="194" type="stmt" count="4"/>
      <line num="195" type="stmt" count="4"/>
      <line num="196" type="stmt" count="0"/>
      <line num="197" type="stmt" count="4"/>
      <line num="198" type="stmt" count="4"/>
      <line num="199" type="stmt" count="4"/>
      <line num="207" type="method" name="destroyStaging" visibility="public" complexity="1" crap="2" count="0"/>
      <line num="208" type="stmt" count="0"/>
      <line num="216" type="method" name="getStagingDetails" visibility="public" complexity="2" crap="2.00" count="1"/>
      <line num="217" type="stmt" count="1"/>
      <line num="218" type="stmt" count="1"/>
      <line num="219" type="stmt" count="0"/>
      <line num="222" type="stmt" count="1"/>
      <line num="223" type="stmt" count="1"/>
      <line num="224" type="stmt" count="1"/>
      <line num="225" type="stmt" count="1"/>
      <line num="226" type="stmt" count="1"/>
      <line num="227" type="stmt" count="1"/>
      <line num="228" type="stmt" count="1"/>
      <line num="229" type="stmt" count="1"/>
      <line num="230" type="stmt" count="1"/>
      <line num="231" type="stmt" count="1"/>
      <line num="232" type="stmt" count="1"/>
      <line num="233" type="stmt" count="1"/>
      <line num="234" type="stmt" count="1"/>
      <line num="244" type="method" name="switchTo" visibility="public" complexity="1" crap="2" count="0"/>
      <line num="245" type="stmt" count="0"/>
      <metrics loc="248" ncloc="176" classes="1" methods="11" coveredmethods="2" conditionals="0" coveredconditionals="0" statements="120" coveredstatements="95" elements="131" coveredelements="97"/>
    </file>
    <file name="/home/runner/work/wp-module-staging/wp-module-staging/includes/StagingCLI.php">
      <class name="NewfoldLabs\WP\Module\Staging\StagingCLI" namespace="global">
        <metrics complexity="64" methods="13" coveredmethods="0" conditionals="0" coveredconditionals="0" statements="136" coveredstatements="0" elements="149" coveredelements="0"/>
      </class>
      <line num="16" type="method" name="__invoke" visibility="public" complexity="22" crap="506" count="0"/>
      <line num="18" type="stmt" count="0"/>
      <line num="19" type="stmt" count="0"/>
      <line num="22" type="stmt" count="0"/>
      <line num="24" type="stmt" count="0"/>
      <line num="25" type="stmt" count="0"/>
      <line num="26" type="stmt" count="0"/>
      <line num="28" type="stmt" count="0"/>
      <line num="29" type="stmt" count="0"/>
      <line num="30" type="stmt" count="0"/>
      <line num="32" type="stmt" count="0"/>
      <line num="33" type="stmt" count="0"/>
      <line num="34" type="stmt" count="0"/>
      <line num="36" type="stmt" count="0"/>
      <line num="37" type="stmt" count="0"/>
      <line num="38" type="stmt" count="0"/>
      <line num="39" type="stmt" count="0"/>
      <line num="41" type="stmt" count="0"/>
      <line num="42" type="stmt" count="0"/>
      <line num="44" type="stmt" count="0"/>
      <line num="45" type="stmt" count="0"/>
      <line num="46" type="stmt" count="0"/>
      <line num="47" type="stmt" count="0"/>
      <line num="49" type="stmt" count="0"/>
      <line num="50" type="stmt" count="0"/>
      <line num="52" type="stmt" count="0"/>
      <line num="53" type="stmt" count="0"/>
      <line num="55" type="stmt" count="0"/>
      <line num="56" type="stmt" count="0"/>
      <line num="57" type="stmt" count="0"/>
      <line num="58" type="stmt" count="0"/>
      <line num="59" type="stmt" count="0"/>
      <line num="60" type="stmt" count="0"/>
      <line num="61" type="stmt" count="0"/>
      <line num="62" type="stmt" count="0"/>
      <line num="63" type="stmt" count="0"/>
      <line num="64" type="stmt" count="0"/>
      <line num="65" type="stmt" count="0"/>
      <line num="67" type="stmt" count="0"/>
      <line num="69" type="stmt" count="0"/>
      <line num="71" type="stmt" count="0"/>
      <line num="72" type="stmt" count="0"/>
      <line num="73" type="stmt" count="0"/>
      <line num="75" type="stmt" count="0"/>
      <line num="76" type="stmt" count="0"/>
      <line num="77" type="stmt" count="0"/>
      <line num="79" type="stmt" count="0"/>
      <line num="80" type="stmt" count="0"/>
      <line num="81" type="stmt" count="0"/>
      <line num="84" type="stmt" count="0"/>
      <line num="93" type="method" name="render" visibility="protected" complexity="8" crap="72" count="0"/>
      <line num="94" type="stmt" count="0"/>
      <line num="95" type="stmt" count="0"/>
      <line num="96" type="stmt" count="0"/>
      <line num="97" type="stmt" count="0"/>
      <line num="98" type="stmt" count="0"/>
      <line num="99" type="stmt" count="0"/>
      <line num="100" type="stmt" count="0"/>
      <line num="101" type="stmt" count="0"/>
      <line num="102" type="stmt" count="0"/>
      <line num="104" type="stmt" count="0"/>
      <line num="105" type="stmt" count="0"/>
      <line num="106" type="stmt" count="0"/>
      <line num="107" type="stmt" count="0"/>
      <line num="108" type="stmt" count="0"/>
      <line num="109" type="stmt" count="0"/>
      <line num="110" type="stmt" count="0"/>
      <line num="112" type="stmt" count="0"/>
      <line num="114" type="stmt" count="0"/>
      <line num="115" type="stmt" count="0"/>
      <line num="117" type="stmt" count="0"/>
      <line num="129" type="method" name="get_admin_user_id" visibility="protected" complexity="5" crap="30" count="0"/>
      <line num="131" type="stmt" count="0"/>
      <line num="132" type="stmt" count="0"/>
      <line num="133" type="stmt" count="0"/>
      <line num="136" type="stmt" count="0"/>
      <line num="138" type="stmt" count="0"/>
      <line num="139" type="stmt" count="0"/>
      <line num="140" type="stmt" count="0"/>
      <line num="141" type="stmt" count="0"/>
      <line num="142" type="stmt" count="0"/>
      <line num="143" type="stmt" count="0"/>
      <line num="145" type="stmt" count="0"/>
      <line num="146" type="stmt" count="0"/>
      <line num="147" type="stmt" count="0"/>
      <line num="150" type="stmt" count="0"/>
      <line num="168" type="method" name="table" visibility="protected" complexity="4" crap="20" count="0"/>
      <line num="169" type="stmt" count="0"/>
      <line num="170" type="stmt" count="0"/>
      <line num="173" type="stmt" count="0"/>
      <line num="174" type="stmt" count="0"/>
      <line num="175" type="stmt" count="0"/>
      <line num="177" type="stmt" count="0"/>
      <line num="178" type="stmt" count="0"/>
      <line num="179" type="stmt" count="0"/>
      <line num="180" type="stmt" count="0"/>
      <line num="181" type="stmt" count="0"/>
      <line num="182" type="stmt" count="0"/>
      <line num="186" type="stmt" count="0"/>
      <line num="195" type="method" name="bold_heading" visibility="protected" complexity="1" crap="2" count="0"/>
      <line num="196" type="stmt" count="0"/>
      <line num="205" type="method" name="success" visibility="protected" complexity="2" crap="6" count="0"/>
      <line num="206" type="stmt" count="0"/>
      <line num="207" type="stmt" count="0"/>
      <line num="215" type="method" name="info" visibility="protected" complexity="1" crap="2" count="0"/>
      <line num="216" type="stmt" count="0"/>
      <line num="224" type="method" name="warning" visibility="protected" complexity="1" crap="2" count="0"/>
      <line num="225" type="stmt" count="0"/>
      <line num="238" type="method" name="error" visibility="protected" complexity="3" crap="12" count="0"/>
      <line num="239" type="stmt" count="0"/>
      <line num="240" type="stmt" count="0"/>
      <line num="241" type="stmt" count="0"/>
      <line num="242" type="stmt" count="0"/>
      <line num="254" type="method" name="colorize_log" visibility="protected" complexity="5" crap="30" count="0"/>
      <line num="255" type="stmt" count="0"/>
      <line num="256" type="stmt" count="0"/>
      <line num="259" type="stmt" count="0"/>
      <line num="260" type="stmt" count="0"/>
      <line num="263" type="stmt" count="0"/>
      <line num="264" type="stmt" count="0"/>
      <line num="267" type="stmt" count="0"/>
      <line num="273" type="method" name="new_line" visibility="protected" complexity="1" crap="2" count="0"/>
      <line num="274" type="stmt" count="0"/>
      <line num="282" type="method" name="log_to_json" visibility="protected" complexity="3" crap="12" count="0"/>
      <line num="283" type="stmt" count="0"/>
      <line num="284" type="stmt" count="0"/>
      <line num="285" type="stmt" count="0"/>
      <line num="286" type="stmt" count="0"/>
      <line num="288" type="stmt" count="0"/>
      <line num="300" type="method" name="confirm" visibility="protected" complexity="8" crap="72" count="0"/>
      <line num="302" type="stmt" count="0"/>
      <line num="303" type="stmt" count="0"/>
      <line num="304" type="stmt" count="0"/>
      <line num="305" type="stmt" count="0"/>
      <line num="306" type="stmt" count="0"/>
      <line num="307" type="stmt" count="0"/>
      <line num="308" type="stmt" count="0"/>
      <line num="309" type="stmt" count="0"/>
      <line num="310" type="stmt" count="0"/>
      <line num="311" type="stmt" count="0"/>
      <line num="312" type="stmt" count="0"/>
      <line num="313" type="stmt" count="0"/>
      <line num="314" type="stmt" count="0"/>
      <line num="315" type="stmt" count="0"/>
      <line num="316" type="stmt" count="0"/>
      <line num="317" type="stmt" count="0"/>
      <line num="319" type="stmt" count="0"/>
      <line num="320" type="stmt" count="0"/>
      <metrics loc="324" ncloc="230" classes="1" methods="13" coveredmethods="0" conditionals="0" coveredconditionals="0" statements="136" coveredstatements="0" elements="149" coveredelements="0"/>
    </file>
    <file name="/home/runner/work/wp-module-staging/wp-module-staging/includes/StagingFeature.php">
      <class name="NewfoldLabs\WP\Module\Staging\StagingFeature" namespace="global">
        <metrics complexity="2" methods="1" coveredmethods="0" conditionals="0" coveredconditionals="0" statements="7" coveredstatements="0" elements="8" coveredelements="0"/>
      </class>
      <line num="33" type="method" name="initialize" visibility="public" complexity="2" crap="6" count="0"/>
      <line num="34" type="stmt" count="0"/>
      <line num="37" type="stmt" count="0"/>
      <line num="38" type="stmt" count="0"/>
      <line num="39" type="stmt" count="0"/>
      <line num="40" type="stmt" count="0"/>
      <line num="41" type="stmt" count="0"/>
      <line num="42" type="stmt" count="0"/>
      <metrics loc="46" ncloc="26" classes="1" methods="1" coveredmethods="0" conditionals="0" coveredconditionals="0" statements="7" coveredstatements="0" elements="8" coveredelements="0"/>
    </file>
    <file name="/home/runner/work/wp-module-staging/wp-module-staging/includes/StagingHealthCheck.php">
      <class name="NewfoldLabs\WP\Module\Staging\StagingHealthCheck" namespace="global">
        <metrics complexity="60" methods="10" coveredmethods="4" conditionals="0" coveredconditionals="0" statements="170" coveredstatements="76" elements="180" coveredelements="80"/>
      </class>
      <line num="43" type="method" name="__construct" visibility="public" complexity="1" crap="1" count="3"/>
      <line num="44" type="stmt" count="3"/>
      <line num="52" type="method" name="maybe_repair" visibility="public" complexity="3" crap="3.03" count="3"/>
      <line num="53" type="stmt" count="3"/>
      <line num="55" type="stmt" count="3"/>
      <line num="56" type="stmt" count="0"/>
      <line num="58" type="stmt" count="3"/>
      <line num="61" type="stmt" count="3"/>
      <line num="62" type="stmt" count="2"/>
      <line num="65" type="stmt" count="3"/>
      <line num="73" type="method" name="get_notice_transient_key" visibility="public" complexity="1" crap="1" count="3"/>
      <line num="74" type="stmt" count="3"/>
      <line num="82" type="method" name="repair_staging_site" visibility="protected" complexity="13" crap="182" count="0"/>
      <line num="83" type="stmt" count="0"/>
      <line num="84" type="stmt" count="0"/>
      <line num="85" type="stmt" count="0"/>
      <line num="86" type="stmt" count="0"/>
      <line num="88" type="stmt" count="0"/>
      <line num="89" type="stmt" count="0"/>
      <line num="90" type="stmt" count="0"/>
      <line num="91" type="stmt" count="0"/>
      <line num="92" type="stmt" count="0"/>
      <line num="93" type="stmt" count="0"/>
      <line num="94" type="stmt" count="0"/>
      <line num="95" type="stmt" count="0"/>
      <line num="96" type="stmt" count="0"/>
      <line num="97" type="stmt" count="0"/>
      <line num="99" type="stmt" count="0"/>
      <line num="100" type="stmt" count="0"/>
      <line num="103" type="stmt" count="0"/>
      <line num="105" type="stmt" count="0"/>
      <line num="106" type="stmt" count="0"/>
      <line num="107" type="stmt" count="0"/>
      <line num="110" type="stmt" count="0"/>
      <line num="111" type="stmt" count="0"/>
      <line num="112" type="stmt" count="0"/>
      <line num="114" type="stmt" count="0"/>
      <line num="115" type="stmt" count="0"/>
      <line num="116" type="stmt" count="0"/>
      <line num="117" type="stmt" count="0"/>
      <line num="121" type="stmt" count="0"/>
      <line num="122" type="stmt" count="0"/>
      <line num="123" type="stmt" count="0"/>
      <line num="124" type="stmt" count="0"/>
      <line num="127" type="stmt" count="0"/>
      <line num="128" type="stmt" count="0"/>
      <line num="131" type="stmt" count="0"/>
      <line num="132" type="stmt" count="0"/>
      <line num="141" type="method" name="repair_production_site" visibility="protected" complexity="21" crap="55.21" count="3"/>
      <line num="142" type="stmt" count="3"/>
      <line num="143" type="stmt" count="3"/>
      <line num="144" type="stmt" count="3"/>
      <line num="145" type="stmt" count="3"/>
      <line num="146" type="stmt" count="3"/>
      <line num="148" type="stmt" count="3"/>
      <line num="149" type="stmt" count="3"/>
      <line num="150" type="stmt" count="3"/>
      <line num="151" type="stmt" count="3"/>
      <line num="152" type="stmt" count="3"/>
      <line num="153" type="stmt" count="3"/>
      <line num="154" type="stmt" count="3"/>
      <line num="155" type="stmt" count="3"/>
      <line num="156" type="stmt" count="3"/>
      <line num="157" type="stmt" count="3"/>
      <line num="159" type="stmt" count="3"/>
      <line num="160" type="stmt" count="0"/>
      <line num="163" type="stmt" count="3"/>
      <line num="164" type="stmt" count="1"/>
      <line num="165" type="stmt" count="1"/>
      <line num="166" type="stmt" count="1"/>
      <line num="169" type="stmt" count="3"/>
      <line num="170" type="stmt" count="3"/>
      <line num="172" type="stmt" count="3"/>
      <line num="173" type="stmt" count="1"/>
      <line num="174" type="stmt" count="1"/>
      <line num="175" type="stmt" count="1"/>
      <line num="176" type="stmt" count="1"/>
      <line num="177" type="stmt" count="1"/>
      <line num="178" type="stmt" count="1"/>
      <line num="179" type="stmt" count="1"/>
      <line num="180" type="stmt" count="1"/>
      <line num="181" type="stmt" count="1"/>
      <line num="185" type="stmt" count="3"/>
      <line num="186" type="stmt" count="1"/>
      <line num="188" type="stmt" count="1"/>
      <line num="189" type="stmt" count="0"/>
      <line num="191" type="stmt" count="0"/>
      <line num="192" type="stmt" count="0"/>
      <line num="193" type="stmt" count="0"/>
      <line num="194" type="stmt" count="0"/>
      <line num="195" type="stmt" count="0"/>
      <line num="196" type="stmt" count="0"/>
      <line num="197" type="stmt" count="0"/>
      <line num="198" type="stmt" count="0"/>
      <line num="199" type="stmt" count="0"/>
      <line num="200" type="stmt" count="0"/>
      <line num="203" type="stmt" count="0"/>
      <line num="204" type="stmt" count="0"/>
      <line num="205" type="stmt" count="0"/>
      <line num="206" type="stmt" count="0"/>
      <line num="207" type="stmt" count="0"/>
      <line num="208" type="stmt" count="0"/>
      <line num="210" type="stmt" count="0"/>
      <line num="211" type="stmt" count="1"/>
      <line num="214" type="stmt" count="2"/>
      <line num="215" type="stmt" count="0"/>
      <line num="217" type="stmt" count="0"/>
      <line num="218" type="stmt" count="0"/>
      <line num="219" type="stmt" count="0"/>
      <line num="220" type="stmt" count="0"/>
      <line num="221" type="stmt" count="0"/>
      <line num="222" type="stmt" count="0"/>
      <line num="223" type="stmt" count="0"/>
      <line num="225" type="stmt" count="0"/>
      <line num="226" type="stmt" count="0"/>
      <line num="231" type="stmt" count="3"/>
      <line num="232" type="stmt" count="1"/>
      <line num="243" type="method" name="merge_config_with_expected" visibility="protected" complexity="14" crap="210" count="0"/>
      <line num="244" type="stmt" count="0"/>
      <line num="246" type="stmt" count="0"/>
      <line num="247" type="stmt" count="0"/>
      <line num="248" type="stmt" count="0"/>
      <line num="251" type="stmt" count="0"/>
      <line num="252" type="stmt" count="0"/>
      <line num="253" type="stmt" count="0"/>
      <line num="254" type="stmt" count="0"/>
      <line num="257" type="stmt" count="0"/>
      <line num="258" type="stmt" count="0"/>
      <line num="259" type="stmt" count="0"/>
      <line num="262" type="stmt" count="0"/>
      <line num="263" type="stmt" count="0"/>
      <line num="264" type="stmt" count="0"/>
      <line num="265" type="stmt" count="0"/>
      <line num="266" type="stmt" count="0"/>
      <line num="269" type="stmt" count="0"/>
      <line num="274" type="stmt" count="0"/>
      <line num="284" type="method" name="save_config" visibility="protected" complexity="1" crap="1" count="1"/>
      <line num="285" type="stmt" count="1"/>
      <line num="286" type="stmt" count="1"/>
      <line num="287" type="stmt" count="1"/>
      <line num="288" type="stmt" count="1"/>
      <line num="289" type="stmt" count="1"/>
      <line num="290" type="stmt" count="1"/>
      <line num="291" type="stmt" count="1"/>
      <line num="292" type="stmt" count="1"/>
      <line num="293" type="stmt" count="1"/>
      <line num="294" type="stmt" count="1"/>
      <line num="295" type="stmt" count="1"/>
      <line num="296" type="stmt" count="1"/>
      <line num="297" type="stmt" count="1"/>
      <line num="307" type="method" name="update_environment" visibility="protected" complexity="1" crap="2" count="0"/>
      <line num="308" type="stmt" count="0"/>
      <line num="309" type="stmt" count="0"/>
      <line num="310" type="stmt" count="0"/>
      <line num="311" type="stmt" count="0"/>
      <line num="312" type="stmt" count="0"/>
      <line num="313" type="stmt" count="0"/>
      <line num="314" type="stmt" count="0"/>
      <line num="315" type="stmt" count="0"/>
      <line num="323" type="method" name="schedule_admin_notice" visibility="protected" complexity="1" crap="1" count="2"/>
      <line num="324" type="stmt" count="2"/>
      <line num="335" type="method" name="log" visibility="protected" complexity="4" crap="4.07" count="3"/>
      <line num="336" type="stmt" count="3"/>
      <line num="337" type="stmt" count="0"/>
      <line num="338" type="stmt" count="3"/>
      <line num="340" type="stmt" count="3"/>
      <line num="341" type="stmt" count="3"/>
      <line num="343" type="stmt" count="3"/>
      <line num="344" type="stmt" count="0"/>
      <line num="347" type="stmt" count="3"/>
      <line num="348" type="stmt" count="3"/>
      <line num="350" type="stmt" count="0"/>
      <line num="353" type="stmt" count="3"/>
      <line num="354" type="stmt" count="3"/>
      <line num="355" type="stmt" count="3"/>
      <line num="356" type="stmt" count="3"/>
      <line num="357" type="stmt" count="3"/>
      <line num="358" type="stmt" count="3"/>
      <line num="359" type="stmt" count="3"/>
      <line num="362" type="stmt" count="3"/>
      <metrics loc="365" ncloc="281" classes="1" methods="10" coveredmethods="4" conditionals="0" coveredconditionals="0" statements="170" coveredstatements="76" elements="180" coveredelements="80"/>
    </file>
    <file name="/home/runner/work/wp-module-staging/wp-module-staging/includes/StagingMenu.php">
      <class name="NewfoldLabs\WP\Module\Staging\StagingMenu" namespace="global">
        <metrics complexity="11" methods="6" coveredmethods="0" conditionals="0" coveredconditionals="0" statements="38" coveredstatements="0" elements="44" coveredelements="0"/>
      </class>
      <line num="14" type="method" name="init" visibility="public" complexity="1" crap="2" count="0"/>
      <line num="16" type="stmt" count="0"/>
      <line num="17" type="stmt" count="0"/>
      <line num="19" type="stmt" count="0"/>
      <line num="21" type="stmt" count="0"/>
      <line num="30" type="method" name="add_nfd_subnav" visibility="public" complexity="1" crap="2" count="0"/>
      <line num="31" type="stmt" count="0"/>
      <line num="32" type="stmt" count="0"/>
      <line num="33" type="stmt" count="0"/>
      <line num="34" type="stmt" count="0"/>
      <line num="35" type="stmt" count="0"/>
      <line num="36" type="stmt" count="0"/>
      <line num="37" type="stmt" count="0"/>
      <line num="46" type="method" name="add_staging_toolbar_items" visibility="public" complexity="3" crap="12" count="0"/>
      <line num="47" type="stmt" count="0"/>
      <line num="49" type="stmt" count="0"/>
      <line num="50" type="stmt" count="0"/>
      <line num="51" type="stmt" count="0"/>
      <line num="52" type="stmt" count="0"/>
      <line num="53" type="stmt" count="0"/>
      <line num="54" type="stmt" count="0"/>
      <line num="55" type="stmt" count="0"/>
      <line num="56" type="stmt" count="0"/>
      <line num="57" type="stmt" count="0"/>
      <line num="58" type="stmt" count="0"/>
      <line num="68" type="method" name="add_management_page" visibility="public" complexity="1" crap="2" count="0"/>
      <line num="70" type="stmt" count="0"/>
      <line num="71" type="stmt" count="0"/>
      <line num="72" type="stmt" count="0"/>
      <line num="73" type="stmt" count="0"/>
      <line num="74" type="stmt" count="0"/>
      <line num="75" type="stmt" count="0"/>
      <line num="76" type="stmt" count="0"/>
      <line num="85" type="method" name="tools_staging" visibility="public" complexity="1" crap="2" count="0"/>
      <line num="86" type="stmt" count="0"/>
      <line num="87" type="stmt" count="0"/>
      <line num="88" type="stmt" count="0"/>
      <line num="97" type="method" name="handle_staging_redirect" visibility="public" complexity="4" crap="20" count="0"/>
      <line num="99" type="stmt" count="0"/>
      <line num="100" type="stmt" count="0"/>
      <line num="101" type="stmt" count="0"/>
      <line num="103" type="stmt" count="0"/>
      <line num="104" type="stmt" count="0"/>
      <line num="105" type="stmt" count="0"/>
      <metrics loc="109" ncloc="72" classes="1" methods="6" coveredmethods="0" conditionals="0" coveredconditionals="0" statements="38" coveredstatements="0" elements="44" coveredelements="0"/>
    </file>
    <file name="/home/runner/work/wp-module-staging/wp-module-staging/includes/StagingPath.php">
      <class name="NewfoldLabs\WP\Module\Staging\StagingPath" namespace="global">
        <metrics complexity="56" methods="11" coveredmethods="1" conditionals="0" coveredconditionals="0" statements="143" coveredstatements="72" elements="154" coveredelements="73"/>
      </class>
      <line num="46" type="method" name="is_staging_abspath" visibility="public" complexity="2" crap="2.15" count="4"/>
      <line num="47" type="stmt" count="4"/>
      <line num="48" type="stmt" count="0"/>
      <line num="51" type="stmt" count="4"/>
      <line num="60" type="method" name="parse_staging_from_abspath" visibility="public" complexity="2" crap="2.00" count="2"/>
      <line num="61" type="stmt" count="2"/>
      <line num="63" type="stmt" count="2"/>
      <line num="64" type="stmt" count="0"/>
      <line num="67" type="stmt" count="2"/>
      <line num="68" type="stmt" count="2"/>
      <line num="69" type="stmt" count="2"/>
      <line num="71" type="stmt" count="2"/>
      <line num="72" type="stmt" count="2"/>
      <line num="73" type="stmt" count="2"/>
      <line num="74" type="stmt" count="2"/>
      <line num="75" type="stmt" count="2"/>
      <line num="84" type="method" name="parse_staging_from_url" visibility="public" complexity="7" crap="7.06" count="2"/>
      <line num="85" type="stmt" count="2"/>
      <line num="86" type="stmt" count="2"/>
      <line num="87" type="stmt" count="0"/>
      <line num="90" type="stmt" count="2"/>
      <line num="92" type="stmt" count="2"/>
      <line num="93" type="stmt" count="0"/>
      <line num="96" type="stmt" count="2"/>
      <line num="97" type="stmt" count="2"/>
      <line num="98" type="stmt" count="2"/>
      <line num="99" type="stmt" count="2"/>
      <line num="101" type="stmt" count="2"/>
      <line num="102" type="stmt" count="2"/>
      <line num="103" type="stmt" count="2"/>
      <line num="105" type="stmt" count="2"/>
      <line num="107" type="stmt" count="2"/>
      <line num="108" type="stmt" count="2"/>
      <line num="109" type="stmt" count="2"/>
      <line num="110" type="stmt" count="2"/>
      <line num="111" type="stmt" count="2"/>
      <line num="120" type="method" name="normalize_trailing_slash" visibility="public" complexity="1" crap="1" count="6"/>
      <line num="121" type="stmt" count="6"/>
      <line num="130" type="method" name="config_has_swapped_urls" visibility="public" complexity="6" crap="6.10" count="2"/>
      <line num="131" type="stmt" count="2"/>
      <line num="132" type="stmt" count="2"/>
      <line num="134" type="stmt" count="2"/>
      <line num="135" type="stmt" count="0"/>
      <line num="138" type="stmt" count="2"/>
      <line num="139" type="stmt" count="2"/>
      <line num="141" type="stmt" count="2"/>
      <line num="150" type="method" name="fix_swapped_urls" visibility="public" complexity="8" crap="8.70" count="1"/>
      <line num="151" type="stmt" count="1"/>
      <line num="152" type="stmt" count="0"/>
      <line num="155" type="stmt" count="1"/>
      <line num="157" type="stmt" count="1"/>
      <line num="158" type="stmt" count="1"/>
      <line num="159" type="stmt" count="1"/>
      <line num="162" type="stmt" count="1"/>
      <line num="163" type="stmt" count="1"/>
      <line num="164" type="stmt" count="1"/>
      <line num="166" type="stmt" count="1"/>
      <line num="167" type="stmt" count="1"/>
      <line num="169" type="stmt" count="1"/>
      <line num="170" type="stmt" count="1"/>
      <line num="171" type="stmt" count="1"/>
      <line num="172" type="stmt" count="0"/>
      <line num="173" type="stmt" count="0"/>
      <line num="174" type="stmt" count="0"/>
      <line num="178" type="stmt" count="1"/>
      <line num="187" type="method" name="is_valid_staging_config" visibility="public" complexity="8" crap="10.37" count="1"/>
      <line num="188" type="stmt" count="1"/>
      <line num="189" type="stmt" count="1"/>
      <line num="190" type="stmt" count="1"/>
      <line num="194" type="stmt" count="1"/>
      <line num="195" type="stmt" count="0"/>
      <line num="198" type="stmt" count="1"/>
      <line num="199" type="stmt" count="0"/>
      <line num="202" type="stmt" count="1"/>
      <line num="203" type="stmt" count="0"/>
      <line num="206" type="stmt" count="1"/>
      <line num="207" type="stmt" count="0"/>
      <line num="210" type="stmt" count="1"/>
      <line num="219" type="method" name="discover_staging_directories" visibility="public" complexity="5" crap="30" count="0"/>
      <line num="220" type="stmt" count="0"/>
      <line num="221" type="stmt" count="0"/>
      <line num="223" type="stmt" count="0"/>
      <line num="224" type="stmt" count="0"/>
      <line num="227" type="stmt" count="0"/>
      <line num="229" type="stmt" count="0"/>
      <line num="230" type="stmt" count="0"/>
      <line num="231" type="stmt" count="0"/>
      <line num="234" type="stmt" count="0"/>
      <line num="235" type="stmt" count="0"/>
      <line num="236" type="stmt" count="0"/>
      <line num="240" type="stmt" count="0"/>
      <line num="251" type="method" name="select_staging_directory" visibility="public" complexity="5" crap="30" count="0"/>
      <line num="252" type="stmt" count="0"/>
      <line num="253" type="stmt" count="0"/>
      <line num="256" type="stmt" count="0"/>
      <line num="257" type="stmt" count="0"/>
      <line num="260" type="stmt" count="0"/>
      <line num="261" type="stmt" count="0"/>
      <line num="262" type="stmt" count="0"/>
      <line num="263" type="stmt" count="0"/>
      <line num="267" type="stmt" count="0"/>
      <line num="268" type="stmt" count="0"/>
      <line num="269" type="stmt" count="0"/>
      <line num="270" type="stmt" count="0"/>
      <line num="271" type="stmt" count="0"/>
      <line num="272" type="stmt" count="0"/>
      <line num="274" type="stmt" count="0"/>
      <line num="285" type="method" name="build_config_for_staging_site" visibility="public" complexity="7" crap="12.47" count="1"/>
      <line num="286" type="stmt" count="1"/>
      <line num="287" type="stmt" count="1"/>
      <line num="288" type="stmt" count="0"/>
      <line num="291" type="stmt" count="1"/>
      <line num="292" type="stmt" count="1"/>
      <line num="293" type="stmt" count="0"/>
      <line num="294" type="stmt" count="0"/>
      <line num="295" type="stmt" count="0"/>
      <line num="296" type="stmt" count="0"/>
      <line num="297" type="stmt" count="0"/>
      <line num="299" type="stmt" count="0"/>
      <line num="300" type="stmt" count="0"/>
      <line num="301" type="stmt" count="0"/>
      <line num="302" type="stmt" count="0"/>
      <line num="304" type="stmt" count="0"/>
      <line num="305" type="stmt" count="0"/>
      <line num="309" type="stmt" count="1"/>
      <line num="310" type="stmt" count="1"/>
      <line num="311" type="stmt" count="0"/>
      <line num="312" type="stmt" count="1"/>
      <line num="314" type="stmt" count="1"/>
      <line num="315" type="stmt" count="1"/>
      <line num="316" type="stmt" count="1"/>
      <line num="317" type="stmt" count="1"/>
      <line num="318" type="stmt" count="1"/>
      <line num="319" type="stmt" count="1"/>
      <line num="320" type="stmt" count="1"/>
      <line num="332" type="method" name="build_config_for_production_site" visibility="public" complexity="5" crap="30" count="0"/>
      <line num="333" type="stmt" count="0"/>
      <line num="334" type="stmt" count="0"/>
      <line num="336" type="stmt" count="0"/>
      <line num="337" type="stmt" count="0"/>
      <line num="338" type="stmt" count="0"/>
      <line num="341" type="stmt" count="0"/>
      <line num="342" type="stmt" count="0"/>
      <line num="344" type="stmt" count="0"/>
      <line num="345" type="stmt" count="0"/>
      <line num="346" type="stmt" count="0"/>
      <line num="347" type="stmt" count="0"/>
      <line num="349" type="stmt" count="0"/>
      <line num="350" type="stmt" count="0"/>
      <line num="351" type="stmt" count="0"/>
      <line num="352" type="stmt" count="0"/>
      <line num="353" type="stmt" count="0"/>
      <line num="354" type="stmt" count="0"/>
      <line num="355" type="stmt" count="0"/>
      <metrics loc="358" ncloc="264" classes="1" methods="11" coveredmethods="1" conditionals="0" coveredconditionals="0" statements="143" coveredstatements="72" elements="154" coveredelements="73"/>
    </file>
    <metrics files="9" loc="2997" ncloc="2071" classes="8" methods="111" coveredmethods="19" conditionals="0" coveredconditionals="0" statements="1202" coveredstatements="515" elements="1313" coveredelements="534"/>
  </project>
</coverage>
