<?xml version="1.0" encoding="UTF-8"?>
<coverage generated="1787321179">
  <project timestamp="1787321179">
    <file name="/home/runner/work/wp-module-staging/wp-module-staging/bootstrap.php">
      <line num="13" type="stmt" count="0"/>
      <metrics loc="17" ncloc="17" classes="0" methods="0" coveredmethods="0" conditionals="0" coveredconditionals="0" statements="1" coveredstatements="0" elements="1" coveredelements="0"/>
    </file>
    <file name="/home/runner/work/wp-module-staging/wp-module-staging/includes/Constants.php">
      <class name="NewfoldLabs\WP\Module\Staging\Constants" namespace="global">
        <metrics complexity="3" methods="1" coveredmethods="0" conditionals="0" coveredconditionals="0" statements="4" coveredstatements="0" elements="5" coveredelements="0"/>
      </class>
      <line num="16" type="method" name="__construct" visibility="public" complexity="3" crap="12" count="0"/>
      <line num="17" type="stmt" count="0"/>
      <line num="18" type="stmt" count="0"/>
      <line num="21" type="stmt" count="0"/>
      <line num="22" type="stmt" count="0"/>
      <metrics loc="26" ncloc="18" classes="1" methods="1" coveredmethods="0" conditionals="0" coveredconditionals="0" statements="4" coveredstatements="0" elements="5" coveredelements="0"/>
    </file>
    <file name="/home/runner/work/wp-module-staging/wp-module-staging/includes/Staging.php">
      <class name="NewfoldLabs\WP\Module\Staging\Staging" namespace="global">
        <metrics complexity="88" methods="31" coveredmethods="1" conditionals="0" coveredconditionals="0" statements="266" coveredstatements="126" elements="297" coveredelements="127"/>
      </class>
      <line num="39" type="method" name="__construct" visibility="public" complexity="1" crap="1.04" count="12"/>
      <line num="40" type="stmt" count="12"/>
      <line num="43" type="stmt" count="12"/>
      <line num="44" type="stmt" count="12"/>
      <line num="45" type="stmt" count="12"/>
      <line num="46" type="stmt" count="0"/>
      <line num="47" type="stmt" count="0"/>
      <line num="48" type="stmt" count="12"/>
      <line num="49" type="stmt" count="12"/>
      <line num="50" type="stmt" count="12"/>
      <line num="53" type="stmt" count="12"/>
      <line num="56" type="stmt" count="12"/>
      <line num="57" type="stmt" count="12"/>
      <line num="58" type="stmt" count="12"/>
      <line num="59" type="stmt" count="12"/>
      <line num="60" type="stmt" count="0"/>
      <line num="61" type="stmt" count="12"/>
      <line num="62" type="stmt" count="12"/>
      <line num="63" type="stmt" count="12"/>
      <line num="66" type="stmt" count="12"/>
      <line num="67" type="stmt" count="12"/>
      <line num="68" type="stmt" count="12"/>
      <line num="69" type="stmt" count="0"/>
      <line num="70" type="stmt" count="0"/>
      <line num="71" type="stmt" count="0"/>
      <line num="72" type="stmt" count="0"/>
      <line num="73" type="stmt" count="0"/>
      <line num="74" type="stmt" count="0"/>
      <line num="75" type="stmt" count="0"/>
      <line num="76" type="stmt" count="0"/>
      <line num="77" type="stmt" count="0"/>
      <line num="78" type="stmt" count="0"/>
      <line num="79" type="stmt" count="12"/>
      <line num="80" type="stmt" count="12"/>
      <line num="82" type="stmt" count="12"/>
      <line num="83" type="stmt" count="12"/>
      <line num="85" type="stmt" count="12"/>
      <line num="87" type="stmt" count="12"/>
      <line num="89" type="stmt" count="12"/>
      <line num="101" type="method" name="confirm_jetpack_safe_mode" visibility="public" complexity="3" crap="12" count="0"/>
      <line num="102" type="stmt" count="0"/>
      <line num="103" type="stmt" count="0"/>
      <line num="112" type="method" name="initialize_staging_app" visibility="public" complexity="1" crap="2" count="0"/>
      <line num="113" type="stmt" count="0"/>
      <line num="121" type="method" name="register_staging_assets" visibility="public" complexity="5" crap="30" count="0"/>
      <line num="122" type="stmt" count="0"/>
      <line num="123" type="stmt" count="0"/>
      <line num="124" type="stmt" count="0"/>
      <line num="126" type="stmt" count="0"/>
      <line num="127" type="stmt" count="0"/>
      <line num="129" type="stmt" count="0"/>
      <line num="130" type="stmt" count="0"/>
      <line num="131" type="stmt" count="0"/>
      <line num="132" type="stmt" count="0"/>
      <line num="133" type="stmt" count="0"/>
      <line num="134" type="stmt" count="0"/>
      <line num="135" type="stmt" count="0"/>
      <line num="137" type="stmt" count="0"/>
      <line num="138" type="stmt" count="0"/>
      <line num="139" type="stmt" count="0"/>
      <line num="140" type="stmt" count="0"/>
      <line num="141" type="stmt" count="0"/>
      <line num="142" type="stmt" count="0"/>
      <line num="145" type="stmt" count="0"/>
      <line num="147" type="stmt" count="0"/>
      <line num="149" type="stmt" count="0"/>
      <line num="150" type="stmt" count="0"/>
      <line num="153" type="stmt" count="0"/>
      <line num="154" type="stmt" count="0"/>
      <line num="163" type="method" name="loadTextDomain" visibility="public" complexity="1" crap="2" count="0"/>
      <line num="164" type="stmt" count="0"/>
      <line num="165" type="stmt" count="0"/>
      <line num="166" type="stmt" count="0"/>
      <line num="167" type="stmt" count="0"/>
      <line num="168" type="stmt" count="0"/>
      <line num="176" type="method" name="getInstance" visibility="public" complexity="1" crap="2" count="0"/>
      <line num="177" type="stmt" count="0"/>
      <line num="187" type="method" name="getConfig" visibility="public" complexity="3" crap="3.14" count="8"/>
      <line num="188" type="stmt" count="8"/>
      <line num="190" type="stmt" count="8"/>
      <line num="191" type="stmt" count="0"/>
      <line num="194" type="stmt" count="8"/>
      <line num="212" type="method" name="getConfigValue" visibility="public" complexity="2" crap="6" count="0"/>
      <line num="213" type="stmt" count="0"/>
      <line num="215" type="stmt" count="0"/>
      <line num="223" type="method" name="getProductionDir" visibility="public" complexity="1" crap="2" count="0"/>
      <line num="224" type="stmt" count="0"/>
      <line num="232" type="method" name="getProductionUrl" visibility="public" complexity="1" crap="2" count="0"/>
      <line num="233" type="stmt" count="0"/>
      <line num="241" type="method" name="getStagingDir" visibility="public" complexity="1" crap="2" count="0"/>
      <line num="242" type="stmt" count="0"/>
      <line num="250" type="method" name="getStagingUrl" visibility="public" complexity="1" crap="2" count="0"/>
      <line num="251" type="stmt" count="0"/>
      <line num="259" type="method" name="getCreationDate" visibility="public" complexity="1" crap="2" count="0"/>
      <line num="260" type="stmt" count="0"/>
      <line num="268" type="method" name="getEnvironment" visibility="public" complexity="1" crap="2" count="0"/>
      <line num="269" type="stmt" count="0"/>
      <line num="277" type="method" name="getProductionScreenshotUrl" visibility="public" complexity="1" crap="2" count="0"/>
      <line num="278" type="stmt" count="0"/>
      <line num="286" type="method" name="getStagingScreenshotUrl" visibility="public" complexity="1" crap="2" count="0"/>
      <line num="287" type="stmt" count="0"/>
      <line num="297" type="method" name="isEnvironment" visibility="public" complexity="1" crap="2" count="0"/>
      <line num="298" type="stmt" count="0"/>
      <line num="306" type="method" name="isStaging" visibility="public" complexity="1" crap="2" count="0"/>
      <line num="307" type="stmt" count="0"/>
      <line num="315" type="method" name="isProduction" visibility="public" complexity="1" crap="2" count="0"/>
      <line num="316" type="stmt" count="0"/>
      <line num="324" type="method" name="stagingExists" visibility="public" complexity="2" crap="6" count="0"/>
      <line num="325" type="stmt" count="0"/>
      <line num="326" type="stmt" count="0"/>
      <line num="334" type="method" name="cloneProductionToStaging" visibility="public" complexity="2" crap="6" count="0"/>
      <line num="335" type="stmt" count="0"/>
      <line num="336" type="stmt" count="0"/>
      <line num="337" type="stmt" count="0"/>
      <line num="338" type="stmt" count="0"/>
      <line num="339" type="stmt" count="0"/>
      <line num="342" type="stmt" count="0"/>
      <line num="350" type="method" name="compatibilityCheck" visibility="public" complexity="1" crap="2" count="0"/>
      <line num="351" type="stmt" count="0"/>
      <line num="359" type="method" name="createStaging" visibility="public" complexity="2" crap="6" count="0"/>
      <line num="360" type="stmt" count="0"/>
      <line num="361" type="stmt" count="0"/>
      <line num="362" type="stmt" count="0"/>
      <line num="363" type="stmt" count="0"/>
      <line num="364" type="stmt" count="0"/>
      <line num="367" type="stmt" count="0"/>
      <line num="377" type="method" name="deployToProduction" visibility="public" complexity="4" crap="20" count="0"/>
      <line num="379" type="stmt" count="0"/>
      <line num="380" type="stmt" count="0"/>
      <line num="381" type="stmt" count="0"/>
      <line num="382" type="stmt" count="0"/>
      <line num="384" type="stmt" count="0"/>
      <line num="393" type="method" name="destroyStaging" visibility="public" complexity="2" crap="6" count="0"/>
      <line num="394" type="stmt" count="0"/>
      <line num="395" type="stmt" count="0"/>
      <line num="396" type="stmt" count="0"/>
      <line num="397" type="stmt" count="0"/>
      <line num="398" type="stmt" count="0"/>
      <line num="401" type="stmt" count="0"/>
      <line num="412" type="method" name="switchTo" visibility="public" complexity="4" crap="20" count="0"/>
      <line num="413" type="stmt" count="0"/>
      <line num="414" type="stmt" count="0"/>
      <line num="416" type="stmt" count="0"/>
      <line num="417" type="stmt" count="0"/>
      <line num="418" type="stmt" count="0"/>
      <line num="419" type="stmt" count="0"/>
      <line num="420" type="stmt" count="0"/>
      <line num="423" type="stmt" count="0"/>
      <line num="424" type="stmt" count="0"/>
      <line num="427" type="stmt" count="0"/>
      <line num="452" type="method" name="resync_object_cache" visibility="protected" complexity="3" crap="3" count="4"/>
      <line num="453" type="stmt" count="4"/>
      <line num="454" type="stmt" count="2"/>
      <line num="457" type="stmt" count="2"/>
      <line num="458" type="stmt" count="2"/>
      <line num="459" type="stmt" count="2"/>
      <line num="460" type="stmt" count="2"/>
      <line num="461" type="stmt" count="2"/>
      <line num="462" type="stmt" count="2"/>
      <line num="463" type="stmt" count="2"/>
      <line num="464" type="stmt" count="2"/>
      <line num="466" type="stmt" count="2"/>
      <line num="467" type="stmt" count="2"/>
      <line num="479" type="method" name="runCommand" visibility="protected" complexity="27" crap="28.34" count="9"/>
      <line num="481" type="stmt" count="9"/>
      <line num="489" type="stmt" count="9"/>
      <line num="490" type="stmt" count="2"/>
      <line num="493" type="stmt" count="9"/>
      <line num="494" type="stmt" count="9"/>
      <line num="495" type="stmt" count="9"/>
      <line num="496" type="stmt" count="9"/>
      <line num="497" type="stmt" count="9"/>
      <line num="498" type="stmt" count="9"/>
      <line num="499" type="stmt" count="9"/>
      <line num="500" type="stmt" count="9"/>
      <line num="501" type="stmt" count="9"/>
      <line num="502" type="stmt" count="9"/>
      <line num="503" type="stmt" count="9"/>
      <line num="506" type="stmt" count="9"/>
      <line num="507" type="stmt" count="1"/>
      <line num="508" type="stmt" count="1"/>
      <line num="509" type="stmt" count="1"/>
      <line num="510" type="stmt" count="1"/>
      <line num="513" type="stmt" count="8"/>
      <line num="516" type="stmt" count="8"/>
      <line num="518" type="stmt" count="8"/>
      <line num="520" type="stmt" count="8"/>
      <line num="521" type="stmt" count="8"/>
      <line num="522" type="stmt" count="8"/>
      <line num="523" type="stmt" count="8"/>
      <line num="524" type="stmt" count="8"/>
      <line num="525" type="stmt" count="8"/>
      <line num="526" type="stmt" count="8"/>
      <line num="528" type="stmt" count="8"/>
      <line num="532" type="stmt" count="8"/>
      <line num="546" type="stmt" count="8"/>
      <line num="548" type="stmt" count="8"/>
      <line num="550" type="stmt" count="8"/>
      <line num="551" type="stmt" count="8"/>
      <line num="552" type="stmt" count="8"/>
      <line num="553" type="stmt" count="8"/>
      <line num="554" type="stmt" count="8"/>
      <line num="555" type="stmt" count="8"/>
      <line num="556" type="stmt" count="8"/>
      <line num="557" type="stmt" count="8"/>
      <line num="558" type="stmt" count="8"/>
      <line num="559" type="stmt" count="8"/>
      <line num="560" type="stmt" count="8"/>
      <line num="561" type="stmt" count="8"/>
      <line num="563" type="stmt" count="8"/>
      <line num="564" type="stmt" count="0"/>
      <line num="567" type="stmt" count="8"/>
      <line num="570" type="stmt" count="8"/>
      <line num="571" type="stmt" count="8"/>
      <line num="572" type="stmt" count="8"/>
      <line num="573" type="stmt" count="0"/>
      <line num="574" type="stmt" count="0"/>
      <line num="576" type="stmt" count="0"/>
      <line num="577" type="stmt" count="0"/>
      <line num="581" type="stmt" count="8"/>
      <line num="583" type="stmt" count="8"/>
      <line num="584" type="stmt" count="8"/>
      <line num="585" type="stmt" count="0"/>
      <line num="589" type="stmt" count="8"/>
      <line num="591" type="stmt" count="8"/>
      <line num="592" type="stmt" count="0"/>
      <line num="595" type="stmt" count="8"/>
      <line num="597" type="stmt" count="8"/>
      <line num="598" type="stmt" count="0"/>
      <line num="601" type="stmt" count="8"/>
      <line num="602" type="stmt" count="0"/>
      <line num="605" type="stmt" count="8"/>
      <line num="606" type="stmt" count="0"/>
      <line num="607" type="stmt" count="0"/>
      <line num="609" type="stmt" count="0"/>
      <line num="613" type="stmt" count="8"/>
      <line num="615" type="stmt" count="8"/>
      <line num="622" type="stmt" count="8"/>
      <line num="623" type="stmt" count="8"/>
      <line num="624" type="stmt" count="8"/>
      <line num="625" type="stmt" count="8"/>
      <line num="626" type="stmt" count="8"/>
      <line num="628" type="stmt" count="8"/>
      <line num="629" type="stmt" count="8"/>
      <line num="630" type="stmt" count="8"/>
      <line num="633" type="stmt" count="8"/>
      <line num="634" type="stmt" count="1"/>
      <line num="643" type="stmt" count="8"/>
      <line num="651" type="stmt" count="8"/>
      <line num="652" type="stmt" count="8"/>
      <line num="653" type="stmt" count="8"/>
      <line num="654" type="stmt" count="8"/>
      <line num="655" type="stmt" count="7"/>
      <line num="656" type="stmt" count="7"/>
      <line num="660" type="stmt" count="8"/>
      <line num="661" type="stmt" count="1"/>
      <line num="670" type="stmt" count="7"/>
      <line num="671" type="stmt" count="1"/>
      <line num="679" type="stmt" count="6"/>
      <line num="680" type="stmt" count="2"/>
      <line num="683" type="stmt" count="4"/>
      <line num="685" type="stmt" count="4"/>
      <line num="691" type="method" name="add_log_admin_page" visibility="public" complexity="1" crap="2" count="0"/>
      <line num="692" type="stmt" count="0"/>
      <line num="693" type="stmt" count="0"/>
      <line num="694" type="stmt" count="0"/>
      <line num="695" type="stmt" count="0"/>
      <line num="696" type="stmt" count="0"/>
      <line num="697" type="stmt" count="0"/>
      <line num="698" type="stmt" count="0"/>
      <line num="699" type="stmt" count="0"/>
      <line num="700" type="stmt" count="0"/>
      <line num="706" type="method" name="render_log_admin_page" visibility="public" complexity="10" crap="110" count="0"/>
      <line num="707" type="stmt" count="0"/>
      <line num="708" type="stmt" count="0"/>
      <line num="711" type="stmt" count="0"/>
      <line num="713" type="stmt" count="0"/>
      <line num="714" type="stmt" count="0"/>
      <line num="715" type="stmt" count="0"/>
      <line num="716" type="stmt" count="0"/>
      <line num="718" type="stmt" count="0"/>
      <line num="719" type="stmt" count="0"/>
      <line num="720" type="stmt" count="0"/>
      <line num="721" type="stmt" count="0"/>
      <line num="722" type="stmt" count="0"/>
      <line num="723" type="stmt" count="0"/>
      <line num="724" type="stmt" count="0"/>
      <line num="727" type="stmt" count="0"/>
      <line num="732" type="stmt" count="0"/>
      <line num="733" type="stmt" count="0"/>
      <line num="734" type="stmt" count="0"/>
      <line num="735" type="stmt" count="0"/>
      <line num="736" type="stmt" count="0"/>
      <line num="738" type="stmt" count="0"/>
      <line num="744" type="method" name="clean_log" visibility="public" complexity="2" crap="6" count="0"/>
      <line num="745" type="stmt" count="0"/>
      <line num="746" type="stmt" count="0"/>
      <metrics loc="750" ncloc="478" classes="1" methods="31" coveredmethods="1" conditionals="0" coveredconditionals="0" statements="266" coveredstatements="126" elements="297" coveredelements="127"/>
    </file>
    <file name="/home/runner/work/wp-module-staging/wp-module-staging/includes/StagingApi.php">
      <class name="NewfoldLabs\WP\Module\Staging\StagingApi" namespace="global">
        <metrics complexity="10" methods="9" coveredmethods="3" conditionals="0" coveredconditionals="0" statements="109" coveredstatements="86" elements="118" coveredelements="89"/>
      </class>
      <line num="32" type="method" name="__construct" visibility="public" complexity="1" crap="1" count="4"/>
      <line num="33" type="stmt" count="4"/>
      <line num="34" type="stmt" count="4"/>
      <line num="40" type="method" name="register_routes" visibility="public" complexity="1" crap="1" count="4"/>
      <line num="42" type="stmt" count="4"/>
      <line num="43" type="stmt" count="4"/>
      <line num="44" type="stmt" count="4"/>
      <line num="45" type="stmt" count="4"/>
      <line num="46" type="stmt" count="4"/>
      <line num="47" type="stmt" count="4"/>
      <line num="48" type="stmt" count="4"/>
      <line num="49" type="stmt" count="4"/>
      <line num="50" type="stmt" count="4"/>
      <line num="51" type="stmt" count="4"/>
      <line num="52" type="stmt" count="4"/>
      <line num="53" type="stmt" count="4"/>
      <line num="54" type="stmt" count="4"/>
      <line num="55" type="stmt" count="4"/>
      <line num="56" type="stmt" count="4"/>
      <line num="57" type="stmt" count="4"/>
      <line num="58" type="stmt" count="4"/>
      <line num="59" type="stmt" count="4"/>
      <line num="60" type="stmt" count="4"/>
      <line num="61" type="stmt" count="4"/>
      <line num="62" type="stmt" count="4"/>
      <line num="64" type="stmt" count="4"/>
      <line num="65" type="stmt" count="4"/>
      <line num="66" type="stmt" count="4"/>
      <line num="67" type="stmt" count="4"/>
      <line num="68" type="stmt" count="4"/>
      <line num="69" type="stmt" count="4"/>
      <line num="70" type="stmt" count="4"/>
      <line num="71" type="stmt" count="4"/>
      <line num="72" type="stmt" count="4"/>
      <line num="73" type="stmt" count="4"/>
      <line num="74" type="stmt" count="4"/>
      <line num="76" type="stmt" count="4"/>
      <line num="77" type="stmt" count="4"/>
      <line num="78" type="stmt" count="4"/>
      <line num="79" type="stmt" count="4"/>
      <line num="80" type="stmt" count="4"/>
      <line num="81" type="stmt" count="4"/>
      <line num="82" type="stmt" count="4"/>
      <line num="83" type="stmt" count="4"/>
      <line num="84" type="stmt" count="4"/>
      <line num="85" type="stmt" count="4"/>
      <line num="86" type="stmt" count="4"/>
      <line num="87" type="stmt" count="4"/>
      <line num="88" type="stmt" count="4"/>
      <line num="89" type="stmt" count="0"/>
      <line num="90" type="stmt" count="4"/>
      <line num="91" type="stmt" count="4"/>
      <line num="92" type="stmt" count="4"/>
      <line num="93" type="stmt" count="4"/>
      <line num="94" type="stmt" count="4"/>
      <line num="95" type="stmt" count="4"/>
      <line num="97" type="stmt" count="4"/>
      <line num="98" type="stmt" count="4"/>
      <line num="99" type="stmt" count="4"/>
      <line num="100" type="stmt" count="4"/>
      <line num="101" type="stmt" count="4"/>
      <line num="102" type="stmt" count="4"/>
      <line num="103" type="stmt" count="4"/>
      <line num="104" type="stmt" count="4"/>
      <line num="105" type="stmt" count="4"/>
      <line num="106" type="stmt" count="4"/>
      <line num="107" type="stmt" count="4"/>
      <line num="108" type="stmt" count="4"/>
      <line num="109" type="stmt" count="4"/>
      <line num="110" type="stmt" count="0"/>
      <line num="111" type="stmt" count="4"/>
      <line num="112" type="stmt" count="4"/>
      <line num="113" type="stmt" count="4"/>
      <line num="114" type="stmt" count="4"/>
      <line num="115" type="stmt" count="4"/>
      <line num="116" type="stmt" count="4"/>
      <line num="124" type="method" name="checkPermission" visibility="public" complexity="1" crap="1" count="2"/>
      <line num="125" type="stmt" count="2"/>
      <line num="133" type="method" name="createStaging" visibility="public" complexity="2" crap="6" count="0"/>
      <line num="135" type="stmt" count="0"/>
      <line num="136" type="stmt" count="0"/>
      <line num="137" type="stmt" count="0"/>
      <line num="138" type="stmt" count="0"/>
      <line num="139" type="stmt" count="0"/>
      <line num="140" type="stmt" count="0"/>
      <line num="141" type="stmt" count="0"/>
      <line num="142" type="stmt" count="0"/>
      <line num="143" type="stmt" count="0"/>
      <line num="144" type="stmt" count="0"/>
      <line num="145" type="stmt" count="0"/>
      <line num="146" type="stmt" count="0"/>
      <line num="147" type="stmt" count="0"/>
      <line num="148" type="stmt" count="0"/>
      <line num="149" type="stmt" count="0"/>
      <line num="150" type="stmt" count="0"/>
      <line num="153" type="stmt" count="0"/>
      <line num="161" type="method" name="cloneProductionToStaging" visibility="public" complexity="1" crap="2" count="0"/>
      <line num="162" type="stmt" count="0"/>
      <line num="172" type="method" name="deployToProduction" visibility="public" complexity="1" crap="2" count="0"/>
      <line num="173" type="stmt" count="0"/>
      <line num="181" type="method" name="destroyStaging" visibility="public" complexity="1" crap="2" count="0"/>
      <line num="182" type="stmt" count="0"/>
      <line num="190" type="method" name="getStagingDetails" visibility="public" complexity="1" crap="1" count="1"/>
      <line num="191" type="stmt" count="1"/>
      <line num="192" type="stmt" count="1"/>
      <line num="193" type="stmt" count="1"/>
      <line num="194" type="stmt" count="1"/>
      <line num="195" type="stmt" count="1"/>
      <line num="196" type="stmt" count="1"/>
      <line num="197" type="stmt" count="1"/>
      <line num="198" type="stmt" count="1"/>
      <line num="199" type="stmt" count="1"/>
      <line num="200" type="stmt" count="1"/>
      <line num="201" type="stmt" count="1"/>
      <line num="202" type="stmt" count="1"/>
      <line num="203" type="stmt" count="1"/>
      <line num="213" type="method" name="switchTo" visibility="public" complexity="1" crap="2" count="0"/>
      <line num="214" type="stmt" count="0"/>
      <metrics loc="217" ncloc="157" classes="1" methods="9" coveredmethods="3" conditionals="0" coveredconditionals="0" statements="109" coveredstatements="86" elements="118" coveredelements="89"/>
    </file>
    <file name="/home/runner/work/wp-module-staging/wp-module-staging/includes/StagingCLI.php">
      <class name="NewfoldLabs\WP\Module\Staging\StagingCLI" namespace="global">
        <metrics complexity="62" methods="13" coveredmethods="0" conditionals="0" coveredconditionals="0" statements="133" coveredstatements="0" elements="146" coveredelements="0"/>
      </class>
      <line num="16" type="method" name="__invoke" visibility="public" complexity="22" crap="506" count="0"/>
      <line num="18" type="stmt" count="0"/>
      <line num="19" type="stmt" count="0"/>
      <line num="22" type="stmt" count="0"/>
      <line num="24" type="stmt" count="0"/>
      <line num="25" type="stmt" count="0"/>
      <line num="26" type="stmt" count="0"/>
      <line num="28" type="stmt" count="0"/>
      <line num="29" type="stmt" count="0"/>
      <line num="30" type="stmt" count="0"/>
      <line num="32" type="stmt" count="0"/>
      <line num="33" type="stmt" count="0"/>
      <line num="34" type="stmt" count="0"/>
      <line num="36" type="stmt" count="0"/>
      <line num="37" type="stmt" count="0"/>
      <line num="38" type="stmt" count="0"/>
      <line num="39" type="stmt" count="0"/>
      <line num="41" type="stmt" count="0"/>
      <line num="42" type="stmt" count="0"/>
      <line num="44" type="stmt" count="0"/>
      <line num="45" type="stmt" count="0"/>
      <line num="46" type="stmt" count="0"/>
      <line num="47" type="stmt" count="0"/>
      <line num="49" type="stmt" count="0"/>
      <line num="50" type="stmt" count="0"/>
      <line num="52" type="stmt" count="0"/>
      <line num="53" type="stmt" count="0"/>
      <line num="55" type="stmt" count="0"/>
      <line num="56" type="stmt" count="0"/>
      <line num="57" type="stmt" count="0"/>
      <line num="58" type="stmt" count="0"/>
      <line num="59" type="stmt" count="0"/>
      <line num="60" type="stmt" count="0"/>
      <line num="61" type="stmt" count="0"/>
      <line num="62" type="stmt" count="0"/>
      <line num="63" type="stmt" count="0"/>
      <line num="64" type="stmt" count="0"/>
      <line num="65" type="stmt" count="0"/>
      <line num="67" type="stmt" count="0"/>
      <line num="69" type="stmt" count="0"/>
      <line num="71" type="stmt" count="0"/>
      <line num="72" type="stmt" count="0"/>
      <line num="73" type="stmt" count="0"/>
      <line num="75" type="stmt" count="0"/>
      <line num="76" type="stmt" count="0"/>
      <line num="77" type="stmt" count="0"/>
      <line num="79" type="stmt" count="0"/>
      <line num="80" type="stmt" count="0"/>
      <line num="81" type="stmt" count="0"/>
      <line num="84" type="stmt" count="0"/>
      <line num="93" type="method" name="render" visibility="protected" complexity="8" crap="72" count="0"/>
      <line num="94" type="stmt" count="0"/>
      <line num="95" type="stmt" count="0"/>
      <line num="96" type="stmt" count="0"/>
      <line num="97" type="stmt" count="0"/>
      <line num="98" type="stmt" count="0"/>
      <line num="99" type="stmt" count="0"/>
      <line num="100" type="stmt" count="0"/>
      <line num="101" type="stmt" count="0"/>
      <line num="102" type="stmt" count="0"/>
      <line num="104" type="stmt" count="0"/>
      <line num="105" type="stmt" count="0"/>
      <line num="106" type="stmt" count="0"/>
      <line num="107" type="stmt" count="0"/>
      <line num="108" type="stmt" count="0"/>
      <line num="109" type="stmt" count="0"/>
      <line num="110" type="stmt" count="0"/>
      <line num="112" type="stmt" count="0"/>
      <line num="114" type="stmt" count="0"/>
      <line num="115" type="stmt" count="0"/>
      <line num="117" type="stmt" count="0"/>
      <line num="126" type="method" name="get_admin_user_id" visibility="protected" complexity="3" crap="12" count="0"/>
      <line num="128" type="stmt" count="0"/>
      <line num="130" type="stmt" count="0"/>
      <line num="131" type="stmt" count="0"/>
      <line num="132" type="stmt" count="0"/>
      <line num="133" type="stmt" count="0"/>
      <line num="134" type="stmt" count="0"/>
      <line num="135" type="stmt" count="0"/>
      <line num="137" type="stmt" count="0"/>
      <line num="138" type="stmt" count="0"/>
      <line num="139" type="stmt" count="0"/>
      <line num="142" type="stmt" count="0"/>
      <line num="160" type="method" name="table" visibility="protected" complexity="4" crap="20" count="0"/>
      <line num="161" type="stmt" count="0"/>
      <line num="162" type="stmt" count="0"/>
      <line num="165" type="stmt" count="0"/>
      <line num="166" type="stmt" count="0"/>
      <line num="167" type="stmt" count="0"/>
      <line num="169" type="stmt" count="0"/>
      <line num="170" type="stmt" count="0"/>
      <line num="171" type="stmt" count="0"/>
      <line num="172" type="stmt" count="0"/>
      <line num="173" type="stmt" count="0"/>
      <line num="174" type="stmt" count="0"/>
      <line num="178" type="stmt" count="0"/>
      <line num="187" type="method" name="bold_heading" visibility="protected" complexity="1" crap="2" count="0"/>
      <line num="188" type="stmt" count="0"/>
      <line num="197" type="method" name="success" visibility="protected" complexity="2" crap="6" count="0"/>
      <line num="198" type="stmt" count="0"/>
      <line num="199" type="stmt" count="0"/>
      <line num="207" type="method" name="info" visibility="protected" complexity="1" crap="2" count="0"/>
      <line num="208" type="stmt" count="0"/>
      <line num="216" type="method" name="warning" visibility="protected" complexity="1" crap="2" count="0"/>
      <line num="217" type="stmt" count="0"/>
      <line num="230" type="method" name="error" visibility="protected" complexity="3" crap="12" count="0"/>
      <line num="231" type="stmt" count="0"/>
      <line num="232" type="stmt" count="0"/>
      <line num="233" type="stmt" count="0"/>
      <line num="234" type="stmt" count="0"/>
      <line num="246" type="method" name="colorize_log" visibility="protected" complexity="5" crap="30" count="0"/>
      <line num="247" type="stmt" count="0"/>
      <line num="248" type="stmt" count="0"/>
      <line num="251" type="stmt" count="0"/>
      <line num="252" type="stmt" count="0"/>
      <line num="255" type="stmt" count="0"/>
      <line num="256" type="stmt" count="0"/>
      <line num="259" type="stmt" count="0"/>
      <line num="265" type="method" name="new_line" visibility="protected" complexity="1" crap="2" count="0"/>
      <line num="266" type="stmt" count="0"/>
      <line num="274" type="method" name="log_to_json" visibility="protected" complexity="3" crap="12" count="0"/>
      <line num="275" type="stmt" count="0"/>
      <line num="276" type="stmt" count="0"/>
      <line num="277" type="stmt" count="0"/>
      <line num="278" type="stmt" count="0"/>
      <line num="280" type="stmt" count="0"/>
      <line num="292" type="method" name="confirm" visibility="protected" complexity="8" crap="72" count="0"/>
      <line num="294" type="stmt" count="0"/>
      <line num="295" type="stmt" count="0"/>
      <line num="296" type="stmt" count="0"/>
      <line num="297" type="stmt" count="0"/>
      <line num="298" type="stmt" count="0"/>
      <line num="299" type="stmt" count="0"/>
      <line num="300" type="stmt" count="0"/>
      <line num="301" type="stmt" count="0"/>
      <line num="302" type="stmt" count="0"/>
      <line num="303" type="stmt" count="0"/>
      <line num="304" type="stmt" count="0"/>
      <line num="305" type="stmt" count="0"/>
      <line num="306" type="stmt" count="0"/>
      <line num="307" type="stmt" count="0"/>
      <line num="308" type="stmt" count="0"/>
      <line num="309" type="stmt" count="0"/>
      <line num="311" type="stmt" count="0"/>
      <line num="312" type="stmt" count="0"/>
      <metrics loc="316" ncloc="225" classes="1" methods="13" coveredmethods="0" conditionals="0" coveredconditionals="0" statements="133" coveredstatements="0" elements="146" coveredelements="0"/>
    </file>
    <file name="/home/runner/work/wp-module-staging/wp-module-staging/includes/StagingFeature.php">
      <class name="NewfoldLabs\WP\Module\Staging\StagingFeature" namespace="global">
        <metrics complexity="2" methods="1" coveredmethods="0" conditionals="0" coveredconditionals="0" statements="7" coveredstatements="0" elements="8" coveredelements="0"/>
      </class>
      <line num="33" type="method" name="initialize" visibility="public" complexity="2" crap="6" count="0"/>
      <line num="34" type="stmt" count="0"/>
      <line num="37" type="stmt" count="0"/>
      <line num="38" type="stmt" count="0"/>
      <line num="39" type="stmt" count="0"/>
      <line num="40" type="stmt" count="0"/>
      <line num="41" type="stmt" count="0"/>
      <line num="42" type="stmt" count="0"/>
      <metrics loc="46" ncloc="26" classes="1" methods="1" coveredmethods="0" conditionals="0" coveredconditionals="0" statements="7" coveredstatements="0" elements="8" coveredelements="0"/>
    </file>
    <file name="/home/runner/work/wp-module-staging/wp-module-staging/includes/StagingMenu.php">
      <class name="NewfoldLabs\WP\Module\Staging\StagingMenu" namespace="global">
        <metrics complexity="11" methods="6" coveredmethods="0" conditionals="0" coveredconditionals="0" statements="38" coveredstatements="0" elements="44" coveredelements="0"/>
      </class>
      <line num="14" type="method" name="init" visibility="public" complexity="1" crap="2" count="0"/>
      <line num="16" type="stmt" count="0"/>
      <line num="17" type="stmt" count="0"/>
      <line num="19" type="stmt" count="0"/>
      <line num="21" type="stmt" count="0"/>
      <line num="30" type="method" name="add_nfd_subnav" visibility="public" complexity="1" crap="2" count="0"/>
      <line num="31" type="stmt" count="0"/>
      <line num="32" type="stmt" count="0"/>
      <line num="33" type="stmt" count="0"/>
      <line num="34" type="stmt" count="0"/>
      <line num="35" type="stmt" count="0"/>
      <line num="36" type="stmt" count="0"/>
      <line num="37" type="stmt" count="0"/>
      <line num="46" type="method" name="add_staging_toolbar_items" visibility="public" complexity="3" crap="12" count="0"/>
      <line num="47" type="stmt" count="0"/>
      <line num="49" type="stmt" count="0"/>
      <line num="50" type="stmt" count="0"/>
      <line num="51" type="stmt" count="0"/>
      <line num="52" type="stmt" count="0"/>
      <line num="53" type="stmt" count="0"/>
      <line num="54" type="stmt" count="0"/>
      <line num="55" type="stmt" count="0"/>
      <line num="56" type="stmt" count="0"/>
      <line num="57" type="stmt" count="0"/>
      <line num="58" type="stmt" count="0"/>
      <line num="68" type="method" name="add_management_page" visibility="public" complexity="1" crap="2" count="0"/>
      <line num="70" type="stmt" count="0"/>
      <line num="71" type="stmt" count="0"/>
      <line num="72" type="stmt" count="0"/>
      <line num="73" type="stmt" count="0"/>
      <line num="74" type="stmt" count="0"/>
      <line num="75" type="stmt" count="0"/>
      <line num="76" type="stmt" count="0"/>
      <line num="85" type="method" name="tools_staging" visibility="public" complexity="1" crap="2" count="0"/>
      <line num="86" type="stmt" count="0"/>
      <line num="87" type="stmt" count="0"/>
      <line num="88" type="stmt" count="0"/>
      <line num="97" type="method" name="handle_staging_redirect" visibility="public" complexity="4" crap="20" count="0"/>
      <line num="99" type="stmt" count="0"/>
      <line num="100" type="stmt" count="0"/>
      <line num="101" type="stmt" count="0"/>
      <line num="103" type="stmt" count="0"/>
      <line num="104" type="stmt" count="0"/>
      <line num="105" type="stmt" count="0"/>
      <metrics loc="109" ncloc="72" classes="1" methods="6" coveredmethods="0" conditionals="0" coveredconditionals="0" statements="38" coveredstatements="0" elements="44" coveredelements="0"/>
    </file>
    <metrics files="7" loc="1481" ncloc="993" classes="6" methods="61" coveredmethods="4" conditionals="0" coveredconditionals="0" statements="558" coveredstatements="212" elements="619" coveredelements="216"/>
  </project>
</coverage>
