<?xml version="1.0" encoding="UTF-8"?>
<coverage generated="1788257622">
  <project timestamp="1788257622">
    <file name="/home/runner/work/wp-module-staging/wp-module-staging/bootstrap.php">
      <line num="13" type="stmt" count="0"/>
      <metrics loc="17" ncloc="17" classes="0" methods="0" coveredmethods="0" conditionals="0" coveredconditionals="0" statements="1" coveredstatements="0" elements="1" coveredelements="0"/>
    </file>
    <file name="/home/runner/work/wp-module-staging/wp-module-staging/includes/Constants.php">
      <class name="NewfoldLabs\WP\Module\Staging\Constants" namespace="global">
        <metrics complexity="3" methods="1" coveredmethods="0" conditionals="0" coveredconditionals="0" statements="4" coveredstatements="0" elements="5" coveredelements="0"/>
      </class>
      <line num="16" type="method" name="__construct" visibility="public" complexity="3" crap="12" count="0"/>
      <line num="17" type="stmt" count="0"/>
      <line num="18" type="stmt" count="0"/>
      <line num="21" type="stmt" count="0"/>
      <line num="22" type="stmt" count="0"/>
      <metrics loc="26" ncloc="18" classes="1" methods="1" coveredmethods="0" conditionals="0" coveredconditionals="0" statements="4" coveredstatements="0" elements="5" coveredelements="0"/>
    </file>
    <file name="/home/runner/work/wp-module-staging/wp-module-staging/includes/Staging.php">
      <class name="NewfoldLabs\WP\Module\Staging\Staging" namespace="global">
        <metrics complexity="169" methods="51" coveredmethods="7" conditionals="0" coveredconditionals="0" statements="491" coveredstatements="174" elements="542" coveredelements="181"/>
      </class>
      <line num="39" type="method" name="__construct" visibility="public" complexity="1" crap="1.03" count="16"/>
      <line num="40" type="stmt" count="16"/>
      <line num="43" type="stmt" count="16"/>
      <line num="44" type="stmt" count="16"/>
      <line num="45" type="stmt" count="16"/>
      <line num="46" type="stmt" count="0"/>
      <line num="47" type="stmt" count="0"/>
      <line num="48" type="stmt" count="16"/>
      <line num="49" type="stmt" count="16"/>
      <line num="50" type="stmt" count="16"/>
      <line num="53" type="stmt" count="16"/>
      <line num="56" type="stmt" count="16"/>
      <line num="57" type="stmt" count="16"/>
      <line num="58" type="stmt" count="16"/>
      <line num="59" type="stmt" count="16"/>
      <line num="60" type="stmt" count="0"/>
      <line num="61" type="stmt" count="16"/>
      <line num="62" type="stmt" count="16"/>
      <line num="63" type="stmt" count="16"/>
      <line num="66" type="stmt" count="16"/>
      <line num="67" type="stmt" count="16"/>
      <line num="68" type="stmt" count="16"/>
      <line num="69" type="stmt" count="0"/>
      <line num="70" type="stmt" count="0"/>
      <line num="71" type="stmt" count="0"/>
      <line num="72" type="stmt" count="0"/>
      <line num="73" type="stmt" count="0"/>
      <line num="74" type="stmt" count="0"/>
      <line num="75" type="stmt" count="0"/>
      <line num="76" type="stmt" count="0"/>
      <line num="77" type="stmt" count="0"/>
      <line num="78" type="stmt" count="0"/>
      <line num="79" type="stmt" count="16"/>
      <line num="80" type="stmt" count="16"/>
      <line num="82" type="stmt" count="16"/>
      <line num="83" type="stmt" count="16"/>
      <line num="85" type="stmt" count="16"/>
      <line num="87" type="stmt" count="16"/>
      <line num="89" type="stmt" count="16"/>
      <line num="90" type="stmt" count="16"/>
      <line num="92" type="stmt" count="16"/>
      <line num="104" type="method" name="confirm_jetpack_safe_mode" visibility="public" complexity="3" crap="12" count="0"/>
      <line num="105" type="stmt" count="0"/>
      <line num="106" type="stmt" count="0"/>
      <line num="115" type="method" name="initialize_staging_app" visibility="public" complexity="1" crap="2" count="0"/>
      <line num="116" type="stmt" count="0"/>
      <line num="124" type="method" name="register_staging_assets" visibility="public" complexity="5" crap="30" count="0"/>
      <line num="125" type="stmt" count="0"/>
      <line num="126" type="stmt" count="0"/>
      <line num="127" type="stmt" count="0"/>
      <line num="129" type="stmt" count="0"/>
      <line num="130" type="stmt" count="0"/>
      <line num="132" type="stmt" count="0"/>
      <line num="133" type="stmt" count="0"/>
      <line num="134" type="stmt" count="0"/>
      <line num="135" type="stmt" count="0"/>
      <line num="136" type="stmt" count="0"/>
      <line num="137" type="stmt" count="0"/>
      <line num="138" type="stmt" count="0"/>
      <line num="140" type="stmt" count="0"/>
      <line num="141" type="stmt" count="0"/>
      <line num="142" type="stmt" count="0"/>
      <line num="143" type="stmt" count="0"/>
      <line num="144" type="stmt" count="0"/>
      <line num="145" type="stmt" count="0"/>
      <line num="148" type="stmt" count="0"/>
      <line num="150" type="stmt" count="0"/>
      <line num="152" type="stmt" count="0"/>
      <line num="153" type="stmt" count="0"/>
      <line num="156" type="stmt" count="0"/>
      <line num="157" type="stmt" count="0"/>
      <line num="166" type="method" name="loadTextDomain" visibility="public" complexity="1" crap="2" count="0"/>
      <line num="167" type="stmt" count="0"/>
      <line num="168" type="stmt" count="0"/>
      <line num="169" type="stmt" count="0"/>
      <line num="170" type="stmt" count="0"/>
      <line num="171" type="stmt" count="0"/>
      <line num="179" type="method" name="getInstance" visibility="public" complexity="1" crap="2" count="0"/>
      <line num="180" type="stmt" count="0"/>
      <line num="190" type="method" name="getConfig" visibility="public" complexity="3" crap="3.14" count="9"/>
      <line num="191" type="stmt" count="9"/>
      <line num="193" type="stmt" count="9"/>
      <line num="194" type="stmt" count="0"/>
      <line num="197" type="stmt" count="9"/>
      <line num="215" type="method" name="getConfigValue" visibility="public" complexity="2" crap="2" count="1"/>
      <line num="216" type="stmt" count="1"/>
      <line num="218" type="stmt" count="1"/>
      <line num="226" type="method" name="getProductionDir" visibility="public" complexity="2" crap="2.06" count="1"/>
      <line num="227" type="stmt" count="1"/>
      <line num="228" type="stmt" count="1"/>
      <line num="229" type="stmt" count="0"/>
      <line num="232" type="stmt" count="1"/>
      <line num="240" type="method" name="getProductionUrl" visibility="public" complexity="2" crap="6" count="0"/>
      <line num="241" type="stmt" count="0"/>
      <line num="242" type="stmt" count="0"/>
      <line num="243" type="stmt" count="0"/>
      <line num="246" type="stmt" count="0"/>
      <line num="254" type="method" name="getStagingDir" visibility="public" complexity="1" crap="2" count="0"/>
      <line num="255" type="stmt" count="0"/>
      <line num="263" type="method" name="getStagingUrl" visibility="public" complexity="1" crap="2" count="0"/>
      <line num="264" type="stmt" count="0"/>
      <line num="272" type="method" name="getCreationDate" visibility="public" complexity="1" crap="2" count="0"/>
      <line num="273" type="stmt" count="0"/>
      <line num="281" type="method" name="getEnvironment" visibility="public" complexity="1" crap="2" count="0"/>
      <line num="282" type="stmt" count="0"/>
      <line num="290" type="method" name="getProductionScreenshotUrl" visibility="public" complexity="1" crap="2" count="0"/>
      <line num="291" type="stmt" count="0"/>
      <line num="299" type="method" name="getStagingScreenshotUrl" visibility="public" complexity="1" crap="2" count="0"/>
      <line num="300" type="stmt" count="0"/>
      <line num="310" type="method" name="isEnvironment" visibility="public" complexity="1" crap="2" count="0"/>
      <line num="311" type="stmt" count="0"/>
      <line num="319" type="method" name="isStaging" visibility="public" complexity="4" crap="20" count="0"/>
      <line num="320" type="stmt" count="0"/>
      <line num="321" type="stmt" count="0"/>
      <line num="324" type="stmt" count="0"/>
      <line num="325" type="stmt" count="0"/>
      <line num="328" type="stmt" count="0"/>
      <line num="336" type="method" name="isProduction" visibility="public" complexity="2" crap="6" count="0"/>
      <line num="337" type="stmt" count="0"/>
      <line num="338" type="stmt" count="0"/>
      <line num="341" type="stmt" count="0"/>
      <line num="349" type="method" name="stagingExists" visibility="public" complexity="2" crap="6" count="0"/>
      <line num="350" type="stmt" count="0"/>
      <line num="351" type="stmt" count="0"/>
      <line num="359" type="method" name="cloneProductionToStaging" visibility="public" complexity="2" crap="6" count="0"/>
      <line num="360" type="stmt" count="0"/>
      <line num="361" type="stmt" count="0"/>
      <line num="362" type="stmt" count="0"/>
      <line num="363" type="stmt" count="0"/>
      <line num="364" type="stmt" count="0"/>
      <line num="367" type="stmt" count="0"/>
      <line num="375" type="method" name="compatibilityCheck" visibility="public" complexity="1" crap="2" count="0"/>
      <line num="376" type="stmt" count="0"/>
      <line num="384" type="method" name="createStaging" visibility="public" complexity="2" crap="6" count="0"/>
      <line num="385" type="stmt" count="0"/>
      <line num="386" type="stmt" count="0"/>
      <line num="387" type="stmt" count="0"/>
      <line num="388" type="stmt" count="0"/>
      <line num="389" type="stmt" count="0"/>
      <line num="392" type="stmt" count="0"/>
      <line num="405" type="method" name="deployToProduction" visibility="public" complexity="1" crap="2" count="0"/>
      <line num="406" type="stmt" count="0"/>
      <line num="416" type="method" name="getDeployStatus" visibility="public" complexity="1" crap="2" count="0"/>
      <line num="417" type="stmt" count="0"/>
      <line num="427" type="method" name="getDeployCommandForType" visibility="protected" complexity="4" crap="4" count="1"/>
      <line num="429" type="stmt" count="1"/>
      <line num="430" type="stmt" count="1"/>
      <line num="431" type="stmt" count="1"/>
      <line num="432" type="stmt" count="1"/>
      <line num="434" type="stmt" count="1"/>
      <line num="445" type="method" name="isDeployCommand" visibility="protected" complexity="1" crap="1" count="10"/>
      <line num="446" type="stmt" count="10"/>
      <line num="454" type="method" name="getDeployResultPath" visibility="protected" complexity="1" crap="1" count="1"/>
      <line num="455" type="stmt" count="1"/>
      <line num="463" type="method" name="isDeployInProgress" visibility="protected" complexity="4" crap="20" count="0"/>
      <line num="464" type="stmt" count="0"/>
      <line num="465" type="stmt" count="0"/>
      <line num="466" type="stmt" count="0"/>
      <line num="469" type="stmt" count="0"/>
      <line num="477" type="method" name="writeDeployResult" visibility="protected" complexity="2" crap="2.03" count="1"/>
      <line num="478" type="stmt" count="1"/>
      <line num="479" type="stmt" count="1"/>
      <line num="480" type="stmt" count="1"/>
      <line num="481" type="stmt" count="0"/>
      <line num="484" type="stmt" count="1"/>
      <line num="492" type="method" name="readDeployResult" visibility="protected" complexity="4" crap="4.25" count="1"/>
      <line num="493" type="stmt" count="1"/>
      <line num="494" type="stmt" count="1"/>
      <line num="495" type="stmt" count="0"/>
      <line num="497" type="stmt" count="1"/>
      <line num="498" type="stmt" count="1"/>
      <line num="499" type="stmt" count="0"/>
      <line num="501" type="stmt" count="1"/>
      <line num="502" type="stmt" count="1"/>
      <line num="512" type="method" name="parseLogLineTimestamp" visibility="protected" complexity="3" crap="12" count="0"/>
      <line num="513" type="stmt" count="0"/>
      <line num="514" type="stmt" count="0"/>
      <line num="515" type="stmt" count="0"/>
      <line num="518" type="stmt" count="0"/>
      <line num="529" type="method" name="getDeployStatusFromLog" visibility="protected" complexity="11" crap="132" count="0"/>
      <line num="530" type="stmt" count="0"/>
      <line num="531" type="stmt" count="0"/>
      <line num="532" type="stmt" count="0"/>
      <line num="535" type="stmt" count="0"/>
      <line num="536" type="stmt" count="0"/>
      <line num="537" type="stmt" count="0"/>
      <line num="540" type="stmt" count="0"/>
      <line num="541" type="stmt" count="0"/>
      <line num="542" type="stmt" count="0"/>
      <line num="545" type="stmt" count="0"/>
      <line num="546" type="stmt" count="0"/>
      <line num="547" type="stmt" count="0"/>
      <line num="548" type="stmt" count="0"/>
      <line num="549" type="stmt" count="0"/>
      <line num="553" type="stmt" count="0"/>
      <line num="554" type="stmt" count="0"/>
      <line num="555" type="stmt" count="0"/>
      <line num="556" type="stmt" count="0"/>
      <line num="557" type="stmt" count="0"/>
      <line num="558" type="stmt" count="0"/>
      <line num="560" type="stmt" count="0"/>
      <line num="561" type="stmt" count="0"/>
      <line num="562" type="stmt" count="0"/>
      <line num="563" type="stmt" count="0"/>
      <line num="564" type="stmt" count="0"/>
      <line num="565" type="stmt" count="0"/>
      <line num="569" type="stmt" count="0"/>
      <line num="579" type="method" name="getDeploySuccessLogStep" visibility="protected" complexity="2" crap="6" count="0"/>
      <line num="580" type="stmt" count="0"/>
      <line num="581" type="stmt" count="0"/>
      <line num="582" type="stmt" count="0"/>
      <line num="583" type="stmt" count="0"/>
      <line num="584" type="stmt" count="0"/>
      <line num="586" type="stmt" count="0"/>
      <line num="596" type="method" name="getDeploySuccessMessage" visibility="protected" complexity="2" crap="6" count="0"/>
      <line num="597" type="stmt" count="0"/>
      <line num="598" type="stmt" count="0"/>
      <line num="599" type="stmt" count="0"/>
      <line num="600" type="stmt" count="0"/>
      <line num="601" type="stmt" count="0"/>
      <line num="603" type="stmt" count="0"/>
      <line num="613" type="method" name="getDeployCommandStatus" visibility="protected" complexity="12" crap="70.15" count="1"/>
      <line num="614" type="stmt" count="1"/>
      <line num="615" type="stmt" count="1"/>
      <line num="616" type="stmt" count="1"/>
      <line num="618" type="stmt" count="1"/>
      <line num="619" type="stmt" count="1"/>
      <line num="620" type="stmt" count="1"/>
      <line num="622" type="stmt" count="0"/>
      <line num="625" type="stmt" count="0"/>
      <line num="626" type="stmt" count="0"/>
      <line num="627" type="stmt" count="0"/>
      <line num="628" type="stmt" count="0"/>
      <line num="629" type="stmt" count="0"/>
      <line num="630" type="stmt" count="0"/>
      <line num="633" type="stmt" count="0"/>
      <line num="634" type="stmt" count="0"/>
      <line num="635" type="stmt" count="0"/>
      <line num="636" type="stmt" count="0"/>
      <line num="638" type="stmt" count="0"/>
      <line num="641" type="stmt" count="0"/>
      <line num="642" type="stmt" count="0"/>
      <line num="643" type="stmt" count="0"/>
      <line num="644" type="stmt" count="0"/>
      <line num="645" type="stmt" count="0"/>
      <line num="657" type="method" name="startAsyncDeploy" visibility="protected" complexity="6" crap="42" count="0"/>
      <line num="658" type="stmt" count="0"/>
      <line num="659" type="stmt" count="0"/>
      <line num="662" type="stmt" count="0"/>
      <line num="664" type="stmt" count="0"/>
      <line num="665" type="stmt" count="0"/>
      <line num="666" type="stmt" count="0"/>
      <line num="667" type="stmt" count="0"/>
      <line num="668" type="stmt" count="0"/>
      <line num="669" type="stmt" count="0"/>
      <line num="670" type="stmt" count="0"/>
      <line num="671" type="stmt" count="0"/>
      <line num="673" type="stmt" count="0"/>
      <line num="674" type="stmt" count="0"/>
      <line num="675" type="stmt" count="0"/>
      <line num="676" type="stmt" count="0"/>
      <line num="677" type="stmt" count="0"/>
      <line num="678" type="stmt" count="0"/>
      <line num="680" type="stmt" count="0"/>
      <line num="681" type="stmt" count="0"/>
      <line num="683" type="stmt" count="0"/>
      <line num="685" type="stmt" count="0"/>
      <line num="686" type="stmt" count="0"/>
      <line num="687" type="stmt" count="0"/>
      <line num="688" type="stmt" count="0"/>
      <line num="689" type="stmt" count="0"/>
      <line num="690" type="stmt" count="0"/>
      <line num="691" type="stmt" count="0"/>
      <line num="692" type="stmt" count="0"/>
      <line num="693" type="stmt" count="0"/>
      <line num="694" type="stmt" count="0"/>
      <line num="695" type="stmt" count="0"/>
      <line num="698" type="stmt" count="0"/>
      <line num="699" type="stmt" count="0"/>
      <line num="700" type="stmt" count="0"/>
      <line num="701" type="stmt" count="0"/>
      <line num="702" type="stmt" count="0"/>
      <line num="703" type="stmt" count="0"/>
      <line num="704" type="stmt" count="0"/>
      <line num="705" type="stmt" count="0"/>
      <line num="706" type="stmt" count="0"/>
      <line num="709" type="stmt" count="0"/>
      <line num="710" type="stmt" count="0"/>
      <line num="711" type="stmt" count="0"/>
      <line num="712" type="stmt" count="0"/>
      <line num="713" type="stmt" count="0"/>
      <line num="714" type="stmt" count="0"/>
      <line num="715" type="stmt" count="0"/>
      <line num="716" type="stmt" count="0"/>
      <line num="717" type="stmt" count="0"/>
      <line num="718" type="stmt" count="0"/>
      <line num="719" type="stmt" count="0"/>
      <line num="720" type="stmt" count="0"/>
      <line num="721" type="stmt" count="0"/>
      <line num="723" type="stmt" count="0"/>
      <line num="724" type="stmt" count="0"/>
      <line num="725" type="stmt" count="0"/>
      <line num="726" type="stmt" count="0"/>
      <line num="727" type="stmt" count="0"/>
      <line num="728" type="stmt" count="0"/>
      <line num="740" type="method" name="executeStagingScript" visibility="protected" complexity="2" crap="2" count="8"/>
      <line num="741" type="stmt" count="8"/>
      <line num="743" type="stmt" count="8"/>
      <line num="744" type="stmt" count="8"/>
      <line num="745" type="stmt" count="8"/>
      <line num="748" type="stmt" count="8"/>
      <line num="749" type="stmt" count="1"/>
      <line num="758" type="stmt" count="8"/>
      <line num="760" type="stmt" count="8"/>
      <line num="771" type="method" name="parseStagingScriptResponse" visibility="protected" complexity="12" crap="13.69" count="8"/>
      <line num="772" type="stmt" count="8"/>
      <line num="780" type="stmt" count="8"/>
      <line num="781" type="stmt" count="8"/>
      <line num="782" type="stmt" count="8"/>
      <line num="783" type="stmt" count="8"/>
      <line num="784" type="stmt" count="7"/>
      <line num="785" type="stmt" count="7"/>
      <line num="789" type="stmt" count="8"/>
      <line num="790" type="stmt" count="1"/>
      <line num="791" type="stmt" count="1"/>
      <line num="792" type="stmt" count="1"/>
      <line num="793" type="stmt" count="0"/>
      <line num="794" type="stmt" count="0"/>
      <line num="795" type="stmt" count="0"/>
      <line num="796" type="stmt" count="0"/>
      <line num="797" type="stmt" count="0"/>
      <line num="800" type="stmt" count="1"/>
      <line num="809" type="stmt" count="7"/>
      <line num="810" type="stmt" count="1"/>
      <line num="818" type="stmt" count="6"/>
      <line num="819" type="stmt" count="2"/>
      <line num="822" type="stmt" count="4"/>
      <line num="830" type="method" name="destroyStaging" visibility="public" complexity="2" crap="6" count="0"/>
      <line num="831" type="stmt" count="0"/>
      <line num="832" type="stmt" count="0"/>
      <line num="833" type="stmt" count="0"/>
      <line num="834" type="stmt" count="0"/>
      <line num="835" type="stmt" count="0"/>
      <line num="838" type="stmt" count="0"/>
      <line num="849" type="method" name="switchTo" visibility="public" complexity="4" crap="20" count="0"/>
      <line num="850" type="stmt" count="0"/>
      <line num="851" type="stmt" count="0"/>
      <line num="853" type="stmt" count="0"/>
      <line num="854" type="stmt" count="0"/>
      <line num="855" type="stmt" count="0"/>
      <line num="856" type="stmt" count="0"/>
      <line num="857" type="stmt" count="0"/>
      <line num="860" type="stmt" count="0"/>
      <line num="861" type="stmt" count="0"/>
      <line num="864" type="stmt" count="0"/>
      <line num="889" type="method" name="resync_object_cache" visibility="protected" complexity="3" crap="3" count="4"/>
      <line num="890" type="stmt" count="4"/>
      <line num="891" type="stmt" count="2"/>
      <line num="894" type="stmt" count="2"/>
      <line num="895" type="stmt" count="2"/>
      <line num="896" type="stmt" count="2"/>
      <line num="897" type="stmt" count="2"/>
      <line num="898" type="stmt" count="2"/>
      <line num="899" type="stmt" count="2"/>
      <line num="900" type="stmt" count="2"/>
      <line num="901" type="stmt" count="2"/>
      <line num="903" type="stmt" count="2"/>
      <line num="904" type="stmt" count="2"/>
      <line num="925" type="method" name="persist_auth_token" visibility="protected" complexity="2" crap="3.51" count="8"/>
      <line num="926" type="stmt" count="8"/>
      <line num="929" type="stmt" count="8"/>
      <line num="931" type="stmt" count="8"/>
      <line num="933" type="stmt" count="8"/>
      <line num="934" type="stmt" count="8"/>
      <line num="946" type="stmt" count="0"/>
      <line num="949" type="stmt" count="0"/>
      <line num="951" type="stmt" count="0"/>
      <line num="952" type="stmt" count="0"/>
      <line num="953" type="stmt" count="0"/>
      <line num="954" type="stmt" count="0"/>
      <line num="955" type="stmt" count="0"/>
      <line num="956" type="stmt" count="0"/>
      <line num="957" type="stmt" count="0"/>
      <line num="958" type="stmt" count="0"/>
      <line num="960" type="stmt" count="0"/>
      <line num="961" type="stmt" count="0"/>
      <line num="963" type="stmt" count="0"/>
      <line num="974" type="method" name="auth_token_row" visibility="private" complexity="1" crap="1" count="8"/>
      <line num="975" type="stmt" count="8"/>
      <line num="978" type="stmt" count="8"/>
      <line num="979" type="stmt" count="8"/>
      <line num="980" type="stmt" count="8"/>
      <line num="981" type="stmt" count="8"/>
      <line num="982" type="stmt" count="8"/>
      <line num="983" type="stmt" count="8"/>
      <line num="994" type="method" name="runCommand" visibility="protected" complexity="21" crap="25.19" count="9"/>
      <line num="996" type="stmt" count="9"/>
      <line num="1004" type="stmt" count="9"/>
      <line num="1005" type="stmt" count="2"/>
      <line num="1008" type="stmt" count="9"/>
      <line num="1009" type="stmt" count="9"/>
      <line num="1010" type="stmt" count="9"/>
      <line num="1011" type="stmt" count="9"/>
      <line num="1012" type="stmt" count="9"/>
      <line num="1013" type="stmt" count="9"/>
      <line num="1014" type="stmt" count="9"/>
      <line num="1015" type="stmt" count="9"/>
      <line num="1016" type="stmt" count="9"/>
      <line num="1017" type="stmt" count="9"/>
      <line num="1018" type="stmt" count="9"/>
      <line num="1021" type="stmt" count="9"/>
      <line num="1022" type="stmt" count="1"/>
      <line num="1023" type="stmt" count="1"/>
      <line num="1024" type="stmt" count="1"/>
      <line num="1025" type="stmt" count="1"/>
      <line num="1028" type="stmt" count="8"/>
      <line num="1031" type="stmt" count="8"/>
      <line num="1033" type="stmt" count="1"/>
      <line num="1035" type="stmt" count="1"/>
      <line num="1036" type="stmt" count="1"/>
      <line num="1037" type="stmt" count="1"/>
      <line num="1038" type="stmt" count="1"/>
      <line num="1039" type="stmt" count="1"/>
      <line num="1040" type="stmt" count="1"/>
      <line num="1041" type="stmt" count="1"/>
      <line num="1043" type="stmt" count="1"/>
      <line num="1047" type="stmt" count="8"/>
      <line num="1061" type="stmt" count="8"/>
      <line num="1063" type="stmt" count="8"/>
      <line num="1065" type="stmt" count="8"/>
      <line num="1066" type="stmt" count="8"/>
      <line num="1067" type="stmt" count="8"/>
      <line num="1068" type="stmt" count="8"/>
      <line num="1069" type="stmt" count="8"/>
      <line num="1070" type="stmt" count="8"/>
      <line num="1071" type="stmt" count="8"/>
      <line num="1072" type="stmt" count="8"/>
      <line num="1073" type="stmt" count="8"/>
      <line num="1074" type="stmt" count="8"/>
      <line num="1075" type="stmt" count="8"/>
      <line num="1076" type="stmt" count="8"/>
      <line num="1078" type="stmt" count="8"/>
      <line num="1079" type="stmt" count="0"/>
      <line num="1082" type="stmt" count="8"/>
      <line num="1085" type="stmt" count="8"/>
      <line num="1086" type="stmt" count="8"/>
      <line num="1087" type="stmt" count="8"/>
      <line num="1088" type="stmt" count="0"/>
      <line num="1089" type="stmt" count="0"/>
      <line num="1091" type="stmt" count="0"/>
      <line num="1092" type="stmt" count="0"/>
      <line num="1096" type="stmt" count="8"/>
      <line num="1098" type="stmt" count="8"/>
      <line num="1099" type="stmt" count="8"/>
      <line num="1100" type="stmt" count="0"/>
      <line num="1104" type="stmt" count="8"/>
      <line num="1106" type="stmt" count="8"/>
      <line num="1107" type="stmt" count="0"/>
      <line num="1110" type="stmt" count="8"/>
      <line num="1112" type="stmt" count="8"/>
      <line num="1113" type="stmt" count="0"/>
      <line num="1116" type="stmt" count="8"/>
      <line num="1117" type="stmt" count="0"/>
      <line num="1120" type="stmt" count="8"/>
      <line num="1121" type="stmt" count="0"/>
      <line num="1122" type="stmt" count="0"/>
      <line num="1124" type="stmt" count="0"/>
      <line num="1128" type="stmt" count="8"/>
      <line num="1135" type="stmt" count="8"/>
      <line num="1136" type="stmt" count="0"/>
      <line num="1138" type="stmt" count="0"/>
      <line num="1139" type="stmt" count="0"/>
      <line num="1140" type="stmt" count="0"/>
      <line num="1141" type="stmt" count="0"/>
      <line num="1144" type="stmt" count="8"/>
      <line num="1145" type="stmt" count="0"/>
      <line num="1148" type="stmt" count="8"/>
      <line num="1150" type="stmt" count="8"/>
      <line num="1151" type="stmt" count="4"/>
      <line num="1154" type="stmt" count="4"/>
      <line num="1156" type="stmt" count="4"/>
      <line num="1162" type="method" name="add_log_admin_page" visibility="public" complexity="1" crap="2" count="0"/>
      <line num="1163" type="stmt" count="0"/>
      <line num="1164" type="stmt" count="0"/>
      <line num="1165" type="stmt" count="0"/>
      <line num="1166" type="stmt" count="0"/>
      <line num="1167" type="stmt" count="0"/>
      <line num="1168" type="stmt" count="0"/>
      <line num="1169" type="stmt" count="0"/>
      <line num="1170" type="stmt" count="0"/>
      <line num="1171" type="stmt" count="0"/>
      <line num="1177" type="method" name="render_log_admin_page" visibility="public" complexity="10" crap="110" count="0"/>
      <line num="1178" type="stmt" count="0"/>
      <line num="1179" type="stmt" count="0"/>
      <line num="1182" type="stmt" count="0"/>
      <line num="1184" type="stmt" count="0"/>
      <line num="1185" type="stmt" count="0"/>
      <line num="1186" type="stmt" count="0"/>
      <line num="1187" type="stmt" count="0"/>
      <line num="1189" type="stmt" count="0"/>
      <line num="1190" type="stmt" count="0"/>
      <line num="1191" type="stmt" count="0"/>
      <line num="1192" type="stmt" count="0"/>
      <line num="1193" type="stmt" count="0"/>
      <line num="1194" type="stmt" count="0"/>
      <line num="1195" type="stmt" count="0"/>
      <line num="1198" type="stmt" count="0"/>
      <line num="1203" type="stmt" count="0"/>
      <line num="1204" type="stmt" count="0"/>
      <line num="1205" type="stmt" count="0"/>
      <line num="1206" type="stmt" count="0"/>
      <line num="1207" type="stmt" count="0"/>
      <line num="1209" type="stmt" count="0"/>
      <line num="1215" type="method" name="clean_log" visibility="public" complexity="2" crap="6" count="0"/>
      <line num="1216" type="stmt" count="0"/>
      <line num="1217" type="stmt" count="0"/>
      <line num="1226" type="method" name="run_staging_health_check" visibility="public" complexity="5" crap="30" count="0"/>
      <line num="1227" type="stmt" count="0"/>
      <line num="1228" type="stmt" count="0"/>
      <line num="1231" type="stmt" count="0"/>
      <line num="1232" type="stmt" count="0"/>
      <line num="1235" type="stmt" count="0"/>
      <line num="1236" type="stmt" count="0"/>
      <line num="1237" type="stmt" count="0"/>
      <line num="1246" type="method" name="should_run_health_check_on_this_request" visibility="protected" complexity="6" crap="42" count="0"/>
      <line num="1247" type="stmt" count="0"/>
      <line num="1248" type="stmt" count="0"/>
      <line num="1251" type="stmt" count="0"/>
      <line num="1252" type="stmt" count="0"/>
      <line num="1255" type="stmt" count="0"/>
      <line num="1256" type="stmt" count="0"/>
      <line num="1259" type="stmt" count="0"/>
      <line num="1267" type="method" name="render_staging_repair_notice" visibility="public" complexity="3" crap="12" count="0"/>
      <line num="1268" type="stmt" count="0"/>
      <line num="1269" type="stmt" count="0"/>
      <line num="1272" type="stmt" count="0"/>
      <line num="1273" type="stmt" count="0"/>
      <line num="1276" type="stmt" count="0"/>
      <line num="1278" type="stmt" count="0"/>
      <line num="1279" type="stmt" count="0"/>
      <line num="1280" type="stmt" count="0"/>
      <line num="1281" type="stmt" count="0"/>
      <metrics loc="1284" ncloc="846" classes="1" methods="51" coveredmethods="7" conditionals="0" coveredconditionals="0" statements="491" coveredstatements="174" elements="542" coveredelements="181"/>
    </file>
    <file name="/home/runner/work/wp-module-staging/wp-module-staging/includes/StagingApi.php">
      <class name="NewfoldLabs\WP\Module\Staging\StagingApi" namespace="global">
        <metrics complexity="13" methods="11" coveredmethods="2" conditionals="0" coveredconditionals="0" statements="120" coveredstatements="95" elements="131" coveredelements="97"/>
      </class>
      <line num="32" type="method" name="__construct" visibility="public" complexity="1" crap="1" count="4"/>
      <line num="33" type="stmt" count="4"/>
      <line num="34" type="stmt" count="4"/>
      <line num="40" type="method" name="register_routes" visibility="public" complexity="1" crap="1" count="4"/>
      <line num="42" type="stmt" count="4"/>
      <line num="43" type="stmt" count="4"/>
      <line num="44" type="stmt" count="4"/>
      <line num="45" type="stmt" count="4"/>
      <line num="46" type="stmt" count="4"/>
      <line num="47" type="stmt" count="4"/>
      <line num="48" type="stmt" count="4"/>
      <line num="49" type="stmt" count="4"/>
      <line num="50" type="stmt" count="4"/>
      <line num="51" type="stmt" count="4"/>
      <line num="52" type="stmt" count="4"/>
      <line num="53" type="stmt" count="4"/>
      <line num="54" type="stmt" count="4"/>
      <line num="55" type="stmt" count="4"/>
      <line num="56" type="stmt" count="4"/>
      <line num="57" type="stmt" count="4"/>
      <line num="58" type="stmt" count="4"/>
      <line num="59" type="stmt" count="4"/>
      <line num="60" type="stmt" count="4"/>
      <line num="61" type="stmt" count="4"/>
      <line num="62" type="stmt" count="4"/>
      <line num="64" type="stmt" count="4"/>
      <line num="65" type="stmt" count="4"/>
      <line num="66" type="stmt" count="4"/>
      <line num="67" type="stmt" count="4"/>
      <line num="68" type="stmt" count="4"/>
      <line num="69" type="stmt" count="4"/>
      <line num="70" type="stmt" count="4"/>
      <line num="71" type="stmt" count="4"/>
      <line num="72" type="stmt" count="4"/>
      <line num="73" type="stmt" count="4"/>
      <line num="74" type="stmt" count="4"/>
      <line num="76" type="stmt" count="4"/>
      <line num="77" type="stmt" count="4"/>
      <line num="78" type="stmt" count="4"/>
      <line num="79" type="stmt" count="4"/>
      <line num="80" type="stmt" count="4"/>
      <line num="81" type="stmt" count="4"/>
      <line num="82" type="stmt" count="4"/>
      <line num="83" type="stmt" count="4"/>
      <line num="84" type="stmt" count="4"/>
      <line num="85" type="stmt" count="4"/>
      <line num="86" type="stmt" count="4"/>
      <line num="87" type="stmt" count="4"/>
      <line num="88" type="stmt" count="4"/>
      <line num="89" type="stmt" count="4"/>
      <line num="90" type="stmt" count="4"/>
      <line num="91" type="stmt" count="4"/>
      <line num="92" type="stmt" count="4"/>
      <line num="93" type="stmt" count="4"/>
      <line num="95" type="stmt" count="4"/>
      <line num="96" type="stmt" count="4"/>
      <line num="97" type="stmt" count="4"/>
      <line num="98" type="stmt" count="4"/>
      <line num="99" type="stmt" count="4"/>
      <line num="100" type="stmt" count="4"/>
      <line num="101" type="stmt" count="4"/>
      <line num="102" type="stmt" count="4"/>
      <line num="103" type="stmt" count="4"/>
      <line num="104" type="stmt" count="4"/>
      <line num="105" type="stmt" count="4"/>
      <line num="106" type="stmt" count="4"/>
      <line num="107" type="stmt" count="4"/>
      <line num="108" type="stmt" count="0"/>
      <line num="109" type="stmt" count="4"/>
      <line num="110" type="stmt" count="4"/>
      <line num="111" type="stmt" count="4"/>
      <line num="112" type="stmt" count="4"/>
      <line num="113" type="stmt" count="4"/>
      <line num="114" type="stmt" count="4"/>
      <line num="122" type="method" name="checkPermission" visibility="public" complexity="1" crap="1" count="2"/>
      <line num="123" type="stmt" count="2"/>
      <line num="131" type="method" name="createStaging" visibility="public" complexity="2" crap="6" count="0"/>
      <line num="133" type="stmt" count="0"/>
      <line num="134" type="stmt" count="0"/>
      <line num="135" type="stmt" count="0"/>
      <line num="136" type="stmt" count="0"/>
      <line num="137" type="stmt" count="0"/>
      <line num="138" type="stmt" count="0"/>
      <line num="139" type="stmt" count="0"/>
      <line num="140" type="stmt" count="0"/>
      <line num="141" type="stmt" count="0"/>
      <line num="142" type="stmt" count="0"/>
      <line num="143" type="stmt" count="0"/>
      <line num="144" type="stmt" count="0"/>
      <line num="145" type="stmt" count="0"/>
      <line num="146" type="stmt" count="0"/>
      <line num="147" type="stmt" count="0"/>
      <line num="148" type="stmt" count="0"/>
      <line num="151" type="stmt" count="0"/>
      <line num="159" type="method" name="cloneProductionToStaging" visibility="public" complexity="1" crap="2" count="0"/>
      <line num="160" type="stmt" count="0"/>
      <line num="170" type="method" name="deployToProduction" visibility="public" complexity="1" crap="2" count="0"/>
      <line num="171" type="stmt" count="0"/>
      <line num="181" type="method" name="getDeployStatus" visibility="public" complexity="1" crap="2" count="0"/>
      <line num="182" type="stmt" count="0"/>
      <line num="190" type="method" name="getDeployTypeArgs" visibility="protected" complexity="1" crap="1.00" count="4"/>
      <line num="191" type="stmt" count="4"/>
      <line num="192" type="stmt" count="4"/>
      <line num="193" type="stmt" count="4"/>
      <line num="194" type="stmt" count="4"/>
      <line num="195" type="stmt" count="4"/>
      <line num="196" type="stmt" count="0"/>
      <line num="197" type="stmt" count="4"/>
      <line num="198" type="stmt" count="4"/>
      <line num="199" type="stmt" count="4"/>
      <line num="207" type="method" name="destroyStaging" visibility="public" complexity="1" crap="2" count="0"/>
      <line num="208" type="stmt" count="0"/>
      <line num="216" type="method" name="getStagingDetails" visibility="public" complexity="2" crap="2.00" count="1"/>
      <line num="217" type="stmt" count="1"/>
      <line num="218" type="stmt" count="1"/>
      <line num="219" type="stmt" count="0"/>
      <line num="222" type="stmt" count="1"/>
      <line num="223" type="stmt" count="1"/>
      <line num="224" type="stmt" count="1"/>
      <line num="225" type="stmt" count="1"/>
      <line num="226" type="stmt" count="1"/>
      <line num="227" type="stmt" count="1"/>
      <line num="228" type="stmt" count="1"/>
      <line num="229" type="stmt" count="1"/>
      <line num="230" type="stmt" count="1"/>
      <line num="231" type="stmt" count="1"/>
      <line num="232" type="stmt" count="1"/>
      <line num="233" type="stmt" count="1"/>
      <line num="234" type="stmt" count="1"/>
      <line num="244" type="method" name="switchTo" visibility="public" complexity="1" crap="2" count="0"/>
      <line num="245" type="stmt" count="0"/>
      <metrics loc="248" ncloc="176" classes="1" methods="11" coveredmethods="2" conditionals="0" coveredconditionals="0" statements="120" coveredstatements="95" elements="131" coveredelements="97"/>
    </file>
    <file name="/home/runner/work/wp-module-staging/wp-module-staging/includes/StagingCLI.php">
      <class name="NewfoldLabs\WP\Module\Staging\StagingCLI" namespace="global">
        <metrics complexity="64" methods="13" coveredmethods="0" conditionals="0" coveredconditionals="0" statements="136" coveredstatements="0" elements="149" coveredelements="0"/>
      </class>
      <line num="16" type="method" name="__invoke" visibility="public" complexity="22" crap="506" count="0"/>
      <line num="18" type="stmt" count="0"/>
      <line num="19" type="stmt" count="0"/>
      <line num="22" type="stmt" count="0"/>
      <line num="24" type="stmt" count="0"/>
      <line num="25" type="stmt" count="0"/>
      <line num="26" type="stmt" count="0"/>
      <line num="28" type="stmt" count="0"/>
      <line num="29" type="stmt" count="0"/>
      <line num="30" type="stmt" count="0"/>
      <line num="32" type="stmt" count="0"/>
      <line num="33" type="stmt" count="0"/>
      <line num="34" type="stmt" count="0"/>
      <line num="36" type="stmt" count="0"/>
      <line num="37" type="stmt" count="0"/>
      <line num="38" type="stmt" count="0"/>
      <line num="39" type="stmt" count="0"/>
      <line num="41" type="stmt" count="0"/>
      <line num="42" type="stmt" count="0"/>
      <line num="44" type="stmt" count="0"/>
      <line num="45" type="stmt" count="0"/>
      <line num="46" type="stmt" count="0"/>
      <line num="47" type="stmt" count="0"/>
      <line num="49" type="stmt" count="0"/>
      <line num="50" type="stmt" count="0"/>
      <line num="52" type="stmt" count="0"/>
      <line num="53" type="stmt" count="0"/>
      <line num="55" type="stmt" count="0"/>
      <line num="56" type="stmt" count="0"/>
      <line num="57" type="stmt" count="0"/>
      <line num="58" type="stmt" count="0"/>
      <line num="59" type="stmt" count="0"/>
      <line num="60" type="stmt" count="0"/>
      <line num="61" type="stmt" count="0"/>
      <line num="62" type="stmt" count="0"/>
      <line num="63" type="stmt" count="0"/>
      <line num="64" type="stmt" count="0"/>
      <line num="65" type="stmt" count="0"/>
      <line num="67" type="stmt" count="0"/>
      <line num="69" type="stmt" count="0"/>
      <line num="71" type="stmt" count="0"/>
      <line num="72" type="stmt" count="0"/>
      <line num="73" type="stmt" count="0"/>
      <line num="75" type="stmt" count="0"/>
      <line num="76" type="stmt" count="0"/>
      <line num="77" type="stmt" count="0"/>
      <line num="79" type="stmt" count="0"/>
      <line num="80" type="stmt" count="0"/>
      <line num="81" type="stmt" count="0"/>
      <line num="84" type="stmt" count="0"/>
      <line num="93" type="method" name="render" visibility="protected" complexity="8" crap="72" count="0"/>
      <line num="94" type="stmt" count="0"/>
      <line num="95" type="stmt" count="0"/>
      <line num="96" type="stmt" count="0"/>
      <line num="97" type="stmt" count="0"/>
      <line num="98" type="stmt" count="0"/>
      <line num="99" type="stmt" count="0"/>
      <line num="100" type="stmt" count="0"/>
      <line num="101" type="stmt" count="0"/>
      <line num="102" type="stmt" count="0"/>
      <line num="104" type="stmt" count="0"/>
      <line num="105" type="stmt" count="0"/>
      <line num="106" type="stmt" count="0"/>
      <line num="107" type="stmt" count="0"/>
      <line num="108" type="stmt" count="0"/>
      <line num="109" type="stmt" count="0"/>
      <line num="110" type="stmt" count="0"/>
      <line num="112" type="stmt" count="0"/>
      <line num="114" type="stmt" count="0"/>
      <line num="115" type="stmt" count="0"/>
      <line num="117" type="stmt" count="0"/>
      <line num="129" type="method" name="get_admin_user_id" visibility="protected" complexity="5" crap="30" count="0"/>
      <line num="131" type="stmt" count="0"/>
      <line num="132" type="stmt" count="0"/>
      <line num="133" type="stmt" count="0"/>
      <line num="136" type="stmt" count="0"/>
      <line num="138" type="stmt" count="0"/>
      <line num="139" type="stmt" count="0"/>
      <line num="140" type="stmt" count="0"/>
      <line num="141" type="stmt" count="0"/>
      <line num="142" type="stmt" count="0"/>
      <line num="143" type="stmt" count="0"/>
      <line num="145" type="stmt" count="0"/>
      <line num="146" type="stmt" count="0"/>
      <line num="147" type="stmt" count="0"/>
      <line num="150" type="stmt" count="0"/>
      <line num="168" type="method" name="table" visibility="protected" complexity="4" crap="20" count="0"/>
      <line num="169" type="stmt" count="0"/>
      <line num="170" type="stmt" count="0"/>
      <line num="173" type="stmt" count="0"/>
      <line num="174" type="stmt" count="0"/>
      <line num="175" type="stmt" count="0"/>
      <line num="177" type="stmt" count="0"/>
      <line num="178" type="stmt" count="0"/>
      <line num="179" type="stmt" count="0"/>
      <line num="180" type="stmt" count="0"/>
      <line num="181" type="stmt" count="0"/>
      <line num="182" type="stmt" count="0"/>
      <line num="186" type="stmt" count="0"/>
      <line num="195" type="method" name="bold_heading" visibility="protected" complexity="1" crap="2" count="0"/>
      <line num="196" type="stmt" count="0"/>
      <line num="205" type="method" name="success" visibility="protected" complexity="2" crap="6" count="0"/>
      <line num="206" type="stmt" count="0"/>
      <line num="207" type="stmt" count="0"/>
      <line num="215" type="method" name="info" visibility="protected" complexity="1" crap="2" count="0"/>
      <line num="216" type="stmt" count="0"/>
      <line num="224" type="method" name="warning" visibility="protected" complexity="1" crap="2" count="0"/>
      <line num="225" type="stmt" count="0"/>
      <line num="238" type="method" name="error" visibility="protected" complexity="3" crap="12" count="0"/>
      <line num="239" type="stmt" count="0"/>
      <line num="240" type="stmt" count="0"/>
      <line num="241" type="stmt" count="0"/>
      <line num="242" type="stmt" count="0"/>
      <line num="254" type="method" name="colorize_log" visibility="protected" complexity="5" crap="30" count="0"/>
      <line num="255" type="stmt" count="0"/>
      <line num="256" type="stmt" count="0"/>
      <line num="259" type="stmt" count="0"/>
      <line num="260" type="stmt" count="0"/>
      <line num="263" type="stmt" count="0"/>
      <line num="264" type="stmt" count="0"/>
      <line num="267" type="stmt" count="0"/>
      <line num="273" type="method" name="new_line" visibility="protected" complexity="1" crap="2" count="0"/>
      <line num="274" type="stmt" count="0"/>
      <line num="282" type="method" name="log_to_json" visibility="protected" complexity="3" crap="12" count="0"/>
      <line num="283" type="stmt" count="0"/>
      <line num="284" type="stmt" count="0"/>
      <line num="285" type="stmt" count="0"/>
      <line num="286" type="stmt" count="0"/>
      <line num="288" type="stmt" count="0"/>
      <line num="300" type="method" name="confirm" visibility="protected" complexity="8" crap="72" count="0"/>
      <line num="302" type="stmt" count="0"/>
      <line num="303" type="stmt" count="0"/>
      <line num="304" type="stmt" count="0"/>
      <line num="305" type="stmt" count="0"/>
      <line num="306" type="stmt" count="0"/>
      <line num="307" type="stmt" count="0"/>
      <line num="308" type="stmt" count="0"/>
      <line num="309" type="stmt" count="0"/>
      <line num="310" type="stmt" count="0"/>
      <line num="311" type="stmt" count="0"/>
      <line num="312" type="stmt" count="0"/>
      <line num="313" type="stmt" count="0"/>
      <line num="314" type="stmt" count="0"/>
      <line num="315" type="stmt" count="0"/>
      <line num="316" type="stmt" count="0"/>
      <line num="317" type="stmt" count="0"/>
      <line num="319" type="stmt" count="0"/>
      <line num="320" type="stmt" count="0"/>
      <metrics loc="324" ncloc="230" classes="1" methods="13" coveredmethods="0" conditionals="0" coveredconditionals="0" statements="136" coveredstatements="0" elements="149" coveredelements="0"/>
    </file>
    <file name="/home/runner/work/wp-module-staging/wp-module-staging/includes/StagingFeature.php">
      <class name="NewfoldLabs\WP\Module\Staging\StagingFeature" namespace="global">
        <metrics complexity="2" methods="1" coveredmethods="0" conditionals="0" coveredconditionals="0" statements="7" coveredstatements="0" elements="8" coveredelements="0"/>
      </class>
      <line num="33" type="method" name="initialize" visibility="public" complexity="2" crap="6" count="0"/>
      <line num="34" type="stmt" count="0"/>
      <line num="37" type="stmt" count="0"/>
      <line num="38" type="stmt" count="0"/>
      <line num="39" type="stmt" count="0"/>
      <line num="40" type="stmt" count="0"/>
      <line num="41" type="stmt" count="0"/>
      <line num="42" type="stmt" count="0"/>
      <metrics loc="46" ncloc="26" classes="1" methods="1" coveredmethods="0" conditionals="0" coveredconditionals="0" statements="7" coveredstatements="0" elements="8" coveredelements="0"/>
    </file>
    <file name="/home/runner/work/wp-module-staging/wp-module-staging/includes/StagingHealthCheck.php">
      <class name="NewfoldLabs\WP\Module\Staging\StagingHealthCheck" namespace="global">
        <metrics complexity="60" methods="10" coveredmethods="4" conditionals="0" coveredconditionals="0" statements="170" coveredstatements="76" elements="180" coveredelements="80"/>
      </class>
      <line num="43" type="method" name="__construct" visibility="public" complexity="1" crap="1" count="3"/>
      <line num="44" type="stmt" count="3"/>
      <line num="52" type="method" name="maybe_repair" visibility="public" complexity="3" crap="3.03" count="3"/>
      <line num="53" type="stmt" count="3"/>
      <line num="55" type="stmt" count="3"/>
      <line num="56" type="stmt" count="0"/>
      <line num="58" type="stmt" count="3"/>
      <line num="61" type="stmt" count="3"/>
      <line num="62" type="stmt" count="2"/>
      <line num="65" type="stmt" count="3"/>
      <line num="73" type="method" name="get_notice_transient_key" visibility="public" complexity="1" crap="1" count="3"/>
      <line num="74" type="stmt" count="3"/>
      <line num="82" type="method" name="repair_staging_site" visibility="protected" complexity="13" crap="182" count="0"/>
      <line num="83" type="stmt" count="0"/>
      <line num="84" type="stmt" count="0"/>
      <line num="85" type="stmt" count="0"/>
      <line num="86" type="stmt" count="0"/>
      <line num="88" type="stmt" count="0"/>
      <line num="89" type="stmt" count="0"/>
      <line num="90" type="stmt" count="0"/>
      <line num="91" type="stmt" count="0"/>
      <line num="92" type="stmt" count="0"/>
      <line num="93" type="stmt" count="0"/>
      <line num="94" type="stmt" count="0"/>
      <line num="95" type="stmt" count="0"/>
      <line num="96" type="stmt" count="0"/>
      <line num="97" type="stmt" count="0"/>
      <line num="99" type="stmt" count="0"/>
      <line num="100" type="stmt" count="0"/>
      <line num="103" type="stmt" count="0"/>
      <line num="105" type="stmt" count="0"/>
      <line num="106" type="stmt" count="0"/>
      <line num="107" type="stmt" count="0"/>
      <line num="110" type="stmt" count="0"/>
      <line num="111" type="stmt" count="0"/>
      <line num="112" type="stmt" count="0"/>
      <line num="114" type="stmt" count="0"/>
      <line num="115" type="stmt" count="0"/>
      <line num="116" type="stmt" count="0"/>
      <line num="117" type="stmt" count="0"/>
      <line num="121" type="stmt" count="0"/>
      <line num="122" type="stmt" count="0"/>
      <line num="123" type="stmt" count="0"/>
      <line num="124" type="stmt" count="0"/>
      <line num="127" type="stmt" count="0"/>
      <line num="128" type="stmt" count="0"/>
      <line num="131" type="stmt" count="0"/>
      <line num="132" type="stmt" count="0"/>
      <line num="141" type="method" name="repair_production_site" visibility="protected" complexity="21" crap="55.21" count="3"/>
      <line num="142" type="stmt" count="3"/>
      <line num="143" type="stmt" count="3"/>
      <line num="144" type="stmt" count="3"/>
      <line num="145" type="stmt" count="3"/>
      <line num="146" type="stmt" count="3"/>
      <line num="148" type="stmt" count="3"/>
      <line num="149" type="stmt" count="3"/>
      <line num="150" type="stmt" count="3"/>
      <line num="151" type="stmt" count="3"/>
      <line num="152" type="stmt" count="3"/>
      <line num="153" type="stmt" count="3"/>
      <line num="154" type="stmt" count="3"/>
      <line num="155" type="stmt" count="3"/>
      <line num="156" type="stmt" count="3"/>
      <line num="157" type="stmt" count="3"/>
      <line num="159" type="stmt" count="3"/>
      <line num="160" type="stmt" count="0"/>
      <line num="163" type="stmt" count="3"/>
      <line num="164" type="stmt" count="1"/>
      <line num="165" type="stmt" count="1"/>
      <line num="166" type="stmt" count="1"/>
      <line num="169" type="stmt" count="3"/>
      <line num="170" type="stmt" count="3"/>
      <line num="172" type="stmt" count="3"/>
      <line num="173" type="stmt" count="1"/>
      <line num="174" type="stmt" count="1"/>
      <line num="175" type="stmt" count="1"/>
      <line num="176" type="stmt" count="1"/>
      <line num="177" type="stmt" count="1"/>
      <line num="178" type="stmt" count="1"/>
      <line num="179" type="stmt" count="1"/>
      <line num="180" type="stmt" count="1"/>
      <line num="181" type="stmt" count="1"/>
      <line num="185" type="stmt" count="3"/>
      <line num="186" type="stmt" count="1"/>
      <line num="188" type="stmt" count="1"/>
      <line num="189" type="stmt" count="0"/>
      <line num="191" type="stmt" count="0"/>
      <line num="192" type="stmt" count="0"/>
      <line num="193" type="stmt" count="0"/>
      <line num="194" type="stmt" count="0"/>
      <line num="195" type="stmt" count="0"/>
      <line num="196" type="stmt" count="0"/>
      <line num="197" type="stmt" count="0"/>
      <line num="198" type="stmt" count="0"/>
      <line num="199" type="stmt" count="0"/>
      <line num="200" type="stmt" count="0"/>
      <line num="203" type="stmt" count="0"/>
      <line num="204" type="stmt" count="0"/>
      <line num="205" type="stmt" count="0"/>
      <line num="206" type="stmt" count="0"/>
      <line num="207" type="stmt" count="0"/>
      <line num="208" type="stmt" count="0"/>
      <line num="210" type="stmt" count="0"/>
      <line num="211" type="stmt" count="1"/>
      <line num="214" type="stmt" count="2"/>
      <line num="215" type="stmt" count="0"/>
      <line num="217" type="stmt" count="0"/>
      <line num="218" type="stmt" count="0"/>
      <line num="219" type="stmt" count="0"/>
      <line num="220" type="stmt" count="0"/>
      <line num="221" type="stmt" count="0"/>
      <line num="222" type="stmt" count="0"/>
      <line num="223" type="stmt" count="0"/>
      <line num="225" type="stmt" count="0"/>
      <line num="226" type="stmt" count="0"/>
      <line num="231" type="stmt" count="3"/>
      <line num="232" type="stmt" count="1"/>
      <line num="243" type="method" name="merge_config_with_expected" visibility="protected" complexity="14" crap="210" count="0"/>
      <line num="244" type="stmt" count="0"/>
      <line num="246" type="stmt" count="0"/>
      <line num="247" type="stmt" count="0"/>
      <line num="248" type="stmt" count="0"/>
      <line num="251" type="stmt" count="0"/>
      <line num="252" type="stmt" count="0"/>
      <line num="253" type="stmt" count="0"/>
      <line num="254" type="stmt" count="0"/>
      <line num="257" type="stmt" count="0"/>
      <line num="258" type="stmt" count="0"/>
      <line num="259" type="stmt" count="0"/>
      <line num="262" type="stmt" count="0"/>
      <line num="263" type="stmt" count="0"/>
      <line num="264" type="stmt" count="0"/>
      <line num="265" type="stmt" count="0"/>
      <line num="266" type="stmt" count="0"/>
      <line num="269" type="stmt" count="0"/>
      <line num="274" type="stmt" count="0"/>
      <line num="284" type="method" name="save_config" visibility="protected" complexity="1" crap="1" count="1"/>
      <line num="285" type="stmt" count="1"/>
      <line num="286" type="stmt" count="1"/>
      <line num="287" type="stmt" count="1"/>
      <line num="288" type="stmt" count="1"/>
      <line num="289" type="stmt" count="1"/>
      <line num="290" type="stmt" count="1"/>
      <line num="291" type="stmt" count="1"/>
      <line num="292" type="stmt" count="1"/>
      <line num="293" type="stmt" count="1"/>
      <line num="294" type="stmt" count="1"/>
      <line num="295" type="stmt" count="1"/>
      <line num="296" type="stmt" count="1"/>
      <line num="297" type="stmt" count="1"/>
      <line num="307" type="method" name="update_environment" visibility="protected" complexity="1" crap="2" count="0"/>
      <line num="308" type="stmt" count="0"/>
      <line num="309" type="stmt" count="0"/>
      <line num="310" type="stmt" count="0"/>
      <line num="311" type="stmt" count="0"/>
      <line num="312" type="stmt" count="0"/>
      <line num="313" type="stmt" count="0"/>
      <line num="314" type="stmt" count="0"/>
      <line num="315" type="stmt" count="0"/>
      <line num="323" type="method" name="schedule_admin_notice" visibility="protected" complexity="1" crap="1" count="2"/>
      <line num="324" type="stmt" count="2"/>
      <line num="335" type="method" name="log" visibility="protected" complexity="4" crap="4.07" count="3"/>
      <line num="336" type="stmt" count="3"/>
      <line num="337" type="stmt" count="0"/>
      <line num="338" type="stmt" count="3"/>
      <line num="340" type="stmt" count="3"/>
      <line num="341" type="stmt" count="3"/>
      <line num="343" type="stmt" count="3"/>
      <line num="344" type="stmt" count="0"/>
      <line num="347" type="stmt" count="3"/>
      <line num="348" type="stmt" count="3"/>
      <line num="350" type="stmt" count="0"/>
      <line num="353" type="stmt" count="3"/>
      <line num="354" type="stmt" count="3"/>
      <line num="355" type="stmt" count="3"/>
      <line num="356" type="stmt" count="3"/>
      <line num="357" type="stmt" count="3"/>
      <line num="358" type="stmt" count="3"/>
      <line num="359" type="stmt" count="3"/>
      <line num="362" type="stmt" count="3"/>
      <metrics loc="365" ncloc="281" classes="1" methods="10" coveredmethods="4" conditionals="0" coveredconditionals="0" statements="170" coveredstatements="76" elements="180" coveredelements="80"/>
    </file>
    <file name="/home/runner/work/wp-module-staging/wp-module-staging/includes/StagingMenu.php">
      <class name="NewfoldLabs\WP\Module\Staging\StagingMenu" namespace="global">
        <metrics complexity="11" methods="6" coveredmethods="0" conditionals="0" coveredconditionals="0" statements="38" coveredstatements="0" elements="44" coveredelements="0"/>
      </class>
      <line num="14" type="method" name="init" visibility="public" complexity="1" crap="2" count="0"/>
      <line num="16" type="stmt" count="0"/>
      <line num="17" type="stmt" count="0"/>
      <line num="19" type="stmt" count="0"/>
      <line num="21" type="stmt" count="0"/>
      <line num="30" type="method" name="add_nfd_subnav" visibility="public" complexity="1" crap="2" count="0"/>
      <line num="31" type="stmt" count="0"/>
      <line num="32" type="stmt" count="0"/>
      <line num="33" type="stmt" count="0"/>
      <line num="34" type="stmt" count="0"/>
      <line num="35" type="stmt" count="0"/>
      <line num="36" type="stmt" count="0"/>
      <line num="37" type="stmt" count="0"/>
      <line num="46" type="method" name="add_staging_toolbar_items" visibility="public" complexity="3" crap="12" count="0"/>
      <line num="47" type="stmt" count="0"/>
      <line num="49" type="stmt" count="0"/>
      <line num="50" type="stmt" count="0"/>
      <line num="51" type="stmt" count="0"/>
      <line num="52" type="stmt" count="0"/>
      <line num="53" type="stmt" count="0"/>
      <line num="54" type="stmt" count="0"/>
      <line num="55" type="stmt" count="0"/>
      <line num="56" type="stmt" count="0"/>
      <line num="57" type="stmt" count="0"/>
      <line num="58" type="stmt" count="0"/>
      <line num="68" type="method" name="add_management_page" visibility="public" complexity="1" crap="2" count="0"/>
      <line num="70" type="stmt" count="0"/>
      <line num="71" type="stmt" count="0"/>
      <line num="72" type="stmt" count="0"/>
      <line num="73" type="stmt" count="0"/>
      <line num="74" type="stmt" count="0"/>
      <line num="75" type="stmt" count="0"/>
      <line num="76" type="stmt" count="0"/>
      <line num="85" type="method" name="tools_staging" visibility="public" complexity="1" crap="2" count="0"/>
      <line num="86" type="stmt" count="0"/>
      <line num="87" type="stmt" count="0"/>
      <line num="88" type="stmt" count="0"/>
      <line num="97" type="method" name="handle_staging_redirect" visibility="public" complexity="4" crap="20" count="0"/>
      <line num="99" type="stmt" count="0"/>
      <line num="100" type="stmt" count="0"/>
      <line num="101" type="stmt" count="0"/>
      <line num="103" type="stmt" count="0"/>
      <line num="104" type="stmt" count="0"/>
      <line num="105" type="stmt" count="0"/>
      <metrics loc="109" ncloc="72" classes="1" methods="6" coveredmethods="0" conditionals="0" coveredconditionals="0" statements="38" coveredstatements="0" elements="44" coveredelements="0"/>
    </file>
    <file name="/home/runner/work/wp-module-staging/wp-module-staging/includes/StagingPath.php">
      <class name="NewfoldLabs\WP\Module\Staging\StagingPath" namespace="global">
        <metrics complexity="56" methods="11" coveredmethods="1" conditionals="0" coveredconditionals="0" statements="143" coveredstatements="72" elements="154" coveredelements="73"/>
      </class>
      <line num="46" type="method" name="is_staging_abspath" visibility="public" complexity="2" crap="2.15" count="4"/>
      <line num="47" type="stmt" count="4"/>
      <line num="48" type="stmt" count="0"/>
      <line num="51" type="stmt" count="4"/>
      <line num="60" type="method" name="parse_staging_from_abspath" visibility="public" complexity="2" crap="2.00" count="2"/>
      <line num="61" type="stmt" count="2"/>
      <line num="63" type="stmt" count="2"/>
      <line num="64" type="stmt" count="0"/>
      <line num="67" type="stmt" count="2"/>
      <line num="68" type="stmt" count="2"/>
      <line num="69" type="stmt" count="2"/>
      <line num="71" type="stmt" count="2"/>
      <line num="72" type="stmt" count="2"/>
      <line num="73" type="stmt" count="2"/>
      <line num="74" type="stmt" count="2"/>
      <line num="75" type="stmt" count="2"/>
      <line num="84" type="method" name="parse_staging_from_url" visibility="public" complexity="7" crap="7.06" count="2"/>
      <line num="85" type="stmt" count="2"/>
      <line num="86" type="stmt" count="2"/>
      <line num="87" type="stmt" count="0"/>
      <line num="90" type="stmt" count="2"/>
      <line num="92" type="stmt" count="2"/>
      <line num="93" type="stmt" count="0"/>
      <line num="96" type="stmt" count="2"/>
      <line num="97" type="stmt" count="2"/>
      <line num="98" type="stmt" count="2"/>
      <line num="99" type="stmt" count="2"/>
      <line num="101" type="stmt" count="2"/>
      <line num="102" type="stmt" count="2"/>
      <line num="103" type="stmt" count="2"/>
      <line num="105" type="stmt" count="2"/>
      <line num="107" type="stmt" count="2"/>
      <line num="108" type="stmt" count="2"/>
      <line num="109" type="stmt" count="2"/>
      <line num="110" type="stmt" count="2"/>
      <line num="111" type="stmt" count="2"/>
      <line num="120" type="method" name="normalize_trailing_slash" visibility="public" complexity="1" crap="1" count="6"/>
      <line num="121" type="stmt" count="6"/>
      <line num="130" type="method" name="config_has_swapped_urls" visibility="public" complexity="6" crap="6.10" count="2"/>
      <line num="131" type="stmt" count="2"/>
      <line num="132" type="stmt" count="2"/>
      <line num="134" type="stmt" count="2"/>
      <line num="135" type="stmt" count="0"/>
      <line num="138" type="stmt" count="2"/>
      <line num="139" type="stmt" count="2"/>
      <line num="141" type="stmt" count="2"/>
      <line num="150" type="method" name="fix_swapped_urls" visibility="public" complexity="8" crap="8.70" count="1"/>
      <line num="151" type="stmt" count="1"/>
      <line num="152" type="stmt" count="0"/>
      <line num="155" type="stmt" count="1"/>
      <line num="157" type="stmt" count="1"/>
      <line num="158" type="stmt" count="1"/>
      <line num="159" type="stmt" count="1"/>
      <line num="162" type="stmt" count="1"/>
      <line num="163" type="stmt" count="1"/>
      <line num="164" type="stmt" count="1"/>
      <line num="166" type="stmt" count="1"/>
      <line num="167" type="stmt" count="1"/>
      <line num="169" type="stmt" count="1"/>
      <line num="170" type="stmt" count="1"/>
      <line num="171" type="stmt" count="1"/>
      <line num="172" type="stmt" count="0"/>
      <line num="173" type="stmt" count="0"/>
      <line num="174" type="stmt" count="0"/>
      <line num="178" type="stmt" count="1"/>
      <line num="187" type="method" name="is_valid_staging_config" visibility="public" complexity="8" crap="10.37" count="1"/>
      <line num="188" type="stmt" count="1"/>
      <line num="189" type="stmt" count="1"/>
      <line num="190" type="stmt" count="1"/>
      <line num="194" type="stmt" count="1"/>
      <line num="195" type="stmt" count="0"/>
      <line num="198" type="stmt" count="1"/>
      <line num="199" type="stmt" count="0"/>
      <line num="202" type="stmt" count="1"/>
      <line num="203" type="stmt" count="0"/>
      <line num="206" type="stmt" count="1"/>
      <line num="207" type="stmt" count="0"/>
      <line num="210" type="stmt" count="1"/>
      <line num="219" type="method" name="discover_staging_directories" visibility="public" complexity="5" crap="30" count="0"/>
      <line num="220" type="stmt" count="0"/>
      <line num="221" type="stmt" count="0"/>
      <line num="223" type="stmt" count="0"/>
      <line num="224" type="stmt" count="0"/>
      <line num="227" type="stmt" count="0"/>
      <line num="229" type="stmt" count="0"/>
      <line num="230" type="stmt" count="0"/>
      <line num="231" type="stmt" count="0"/>
      <line num="234" type="stmt" count="0"/>
      <line num="235" type="stmt" count="0"/>
      <line num="236" type="stmt" count="0"/>
      <line num="240" type="stmt" count="0"/>
      <line num="251" type="method" name="select_staging_directory" visibility="public" complexity="5" crap="30" count="0"/>
      <line num="252" type="stmt" count="0"/>
      <line num="253" type="stmt" count="0"/>
      <line num="256" type="stmt" count="0"/>
      <line num="257" type="stmt" count="0"/>
      <line num="260" type="stmt" count="0"/>
      <line num="261" type="stmt" count="0"/>
      <line num="262" type="stmt" count="0"/>
      <line num="263" type="stmt" count="0"/>
      <line num="267" type="stmt" count="0"/>
      <line num="268" type="stmt" count="0"/>
      <line num="269" type="stmt" count="0"/>
      <line num="270" type="stmt" count="0"/>
      <line num="271" type="stmt" count="0"/>
      <line num="272" type="stmt" count="0"/>
      <line num="274" type="stmt" count="0"/>
      <line num="285" type="method" name="build_config_for_staging_site" visibility="public" complexity="7" crap="12.47" count="1"/>
      <line num="286" type="stmt" count="1"/>
      <line num="287" type="stmt" count="1"/>
      <line num="288" type="stmt" count="0"/>
      <line num="291" type="stmt" count="1"/>
      <line num="292" type="stmt" count="1"/>
      <line num="293" type="stmt" count="0"/>
      <line num="294" type="stmt" count="0"/>
      <line num="295" type="stmt" count="0"/>
      <line num="296" type="stmt" count="0"/>
      <line num="297" type="stmt" count="0"/>
      <line num="299" type="stmt" count="0"/>
      <line num="300" type="stmt" count="0"/>
      <line num="301" type="stmt" count="0"/>
      <line num="302" type="stmt" count="0"/>
      <line num="304" type="stmt" count="0"/>
      <line num="305" type="stmt" count="0"/>
      <line num="309" type="stmt" count="1"/>
      <line num="310" type="stmt" count="1"/>
      <line num="311" type="stmt" count="0"/>
      <line num="312" type="stmt" count="1"/>
      <line num="314" type="stmt" count="1"/>
      <line num="315" type="stmt" count="1"/>
      <line num="316" type="stmt" count="1"/>
      <line num="317" type="stmt" count="1"/>
      <line num="318" type="stmt" count="1"/>
      <line num="319" type="stmt" count="1"/>
      <line num="320" type="stmt" count="1"/>
      <line num="332" type="method" name="build_config_for_production_site" visibility="public" complexity="5" crap="30" count="0"/>
      <line num="333" type="stmt" count="0"/>
      <line num="334" type="stmt" count="0"/>
      <line num="336" type="stmt" count="0"/>
      <line num="337" type="stmt" count="0"/>
      <line num="338" type="stmt" count="0"/>
      <line num="341" type="stmt" count="0"/>
      <line num="342" type="stmt" count="0"/>
      <line num="344" type="stmt" count="0"/>
      <line num="345" type="stmt" count="0"/>
      <line num="346" type="stmt" count="0"/>
      <line num="347" type="stmt" count="0"/>
      <line num="349" type="stmt" count="0"/>
      <line num="350" type="stmt" count="0"/>
      <line num="351" type="stmt" count="0"/>
      <line num="352" type="stmt" count="0"/>
      <line num="353" type="stmt" count="0"/>
      <line num="354" type="stmt" count="0"/>
      <line num="355" type="stmt" count="0"/>
      <metrics loc="358" ncloc="264" classes="1" methods="11" coveredmethods="1" conditionals="0" coveredconditionals="0" statements="143" coveredstatements="72" elements="154" coveredelements="73"/>
    </file>
    <metrics files="9" loc="2777" ncloc="1930" classes="8" methods="104" coveredmethods="14" conditionals="0" coveredconditionals="0" statements="1110" coveredstatements="417" elements="1214" coveredelements="431"/>
  </project>
</coverage>
